TN:
SF:contracts/C.sol
FN:85,C.getSeasonPeriod
FNDA:0,C.getSeasonPeriod
DA:86,0
FN:89,C.getAdvanceIncentive
FNDA:0,C.getAdvanceIncentive
DA:90,0
FN:93,C.getFertilizerDenominator
FNDA:0,C.getFertilizerDenominator
DA:94,0
FN:97,C.getHarvestDenominator
FNDA:0,C.getHarvestDenominator
DA:98,0
FN:101,C.getChainId
FNDA:0,C.getChainId
DA:102,0
FN:105,C.getOptimalPodRate
FNDA:0,C.getOptimalPodRate
DA:106,0
FN:109,C.getUpperBoundPodRate
FNDA:0,C.getUpperBoundPodRate
DA:110,0
FN:113,C.getLowerBoundPodRate
FNDA:0,C.getLowerBoundPodRate
DA:114,0
FN:117,C.getUpperBoundDPD
FNDA:0,C.getUpperBoundDPD
DA:118,0
FN:121,C.getLowerBoundDPD
FNDA:0,C.getLowerBoundDPD
DA:122,0
FN:125,C.getSteadySowTime
FNDA:0,C.getSteadySowTime
DA:126,0
FN:129,C.getSeedsPerBean
FNDA:0,C.getSeedsPerBean
DA:130,0
FN:133,C.getStalkPerBean
FNDA:0,C.getStalkPerBean
DA:134,0
FN:137,C.getRootsBase
FNDA:0,C.getRootsBase
DA:138,0
FN:141,C.getSopPrecision
FNDA:0,C.getSopPrecision
DA:142,0
FN:145,C.beanAddress
FNDA:0,C.beanAddress
DA:146,0
FN:149,C.curveMetapoolAddress
FNDA:0,C.curveMetapoolAddress
DA:150,0
FN:153,C.unripeLPPool1
FNDA:0,C.unripeLPPool1
DA:154,0
FN:157,C.unripeLPPool2
FNDA:0,C.unripeLPPool2
DA:158,0
FN:161,C.unripeBeanAddress
FNDA:0,C.unripeBeanAddress
DA:162,0
FN:165,C.unripeLPAddress
FNDA:0,C.unripeLPAddress
DA:166,0
FN:169,C.unripeBean
FNDA:0,C.unripeBean
DA:170,0
FN:173,C.unripeLP
FNDA:0,C.unripeLP
DA:174,0
FN:177,C.bean
FNDA:0,C.bean
DA:178,0
FN:181,C.usdc
FNDA:0,C.usdc
DA:182,0
FN:185,C.curveMetapool
FNDA:0,C.curveMetapool
DA:186,0
FN:189,C.curve3Pool
FNDA:0,C.curve3Pool
DA:190,0
FN:193,C.curveZap
FNDA:0,C.curveZap
DA:194,0
FN:197,C.curveZapAddress
FNDA:0,C.curveZapAddress
DA:198,0
FN:201,C.curve3PoolAddress
FNDA:0,C.curve3PoolAddress
DA:202,0
FN:205,C.threeCrv
FNDA:0,C.threeCrv
DA:206,0
FN:209,C.fertilizer
FNDA:0,C.fertilizer
DA:210,0
FN:213,C.fertilizerAddress
FNDA:0,C.fertilizerAddress
DA:214,0
FN:217,C.fertilizerAdmin
FNDA:0,C.fertilizerAdmin
DA:218,0
FN:221,C.triCryptoPoolAddress
FNDA:0,C.triCryptoPoolAddress
DA:222,0
FN:225,C.triCrypto
FNDA:0,C.triCrypto
DA:226,0
FN:229,C.unripeLPPerDollar
FNDA:0,C.unripeLPPerDollar
DA:230,0
FN:233,C.dollarPerUnripeLP
FNDA:0,C.dollarPerUnripeLP
DA:234,0
FN:237,C.exploitAddLPRatio
FNDA:0,C.exploitAddLPRatio
DA:238,0
FN:241,C.precision
FNDA:0,C.precision
DA:242,0
FN:245,C.initialRecap
FNDA:0,C.initialRecap
DA:246,0
FN:249,C.soilCoefficientHigh
FNDA:0,C.soilCoefficientHigh
DA:250,0
FN:253,C.soilCoefficientLow
FNDA:0,C.soilCoefficientLow
DA:254,0
FN:257,C.emaAlpha
FNDA:0,C.emaAlpha
DA:258,0
FNF:44
FNH:0
LF:44
LH:0
BRF:0
BRH:0
end_of_record
TN:
SF:contracts/farm/Diamond.sol
FN:35,Diamond.
FNDA:0,Diamond.
DA:36,0
DA:37,0
DA:39,0
DA:41,0
DA:42,0
BRDA:42,0,0,-
BRDA:42,0,1,-
FNF:1
FNH:0
LF:5
LH:0
BRF:2
BRH:0
end_of_record
TN:
SF:contracts/farm/facets/BDVFacet.sol
FN:23,BDVFacet.curveToBDV
FNDA:0,BDVFacet.curveToBDV
DA:24,0
FN:27,BDVFacet.beanToBDV
FNDA:0,BDVFacet.beanToBDV
DA:28,0
FN:31,BDVFacet.unripeLPToBDV
FNDA:0,BDVFacet.unripeLPToBDV
DA:32,0
DA:33,0
DA:34,0
FN:37,BDVFacet.unripeBeanToBDV
FNDA:0,BDVFacet.unripeBeanToBDV
DA:38,0
FN:41,BDVFacet.bdv
FNDA:0,BDVFacet.bdv
DA:46,0
FNF:5
FNH:0
LF:7
LH:0
BRF:0
BRH:0
end_of_record
TN:
SF:contracts/farm/facets/ConvertFacet.sol
FN:46,ConvertFacet.convert
FNDA:0,ConvertFacet.convert
DA:51,0
DA:52,0
DA:57,0
DA:59,0
DA:66,0
DA:67,0
DA:69,0
DA:71,0
FN:74,ConvertFacet._withdrawTokens
FNDA:0,ConvertFacet._withdrawTokens
DA:80,0
BRDA:80,0,0,-
BRDA:80,0,1,-
DA:84,0
DA:85,0
DA:86,0
DA:87,0
DA:88,0
BRDA:88,1,0,-
BRDA:88,1,1,-
DA:89,0
DA:96,0
DA:97,0
DA:104,0
DA:105,0
DA:106,0
DA:109,0
DA:111,0
DA:112,0
DA:120,0
BRDA:120,2,0,-
BRDA:120,2,1,-
DA:124,0
DA:125,0
DA:126,0
DA:131,0
FN:134,ConvertFacet._depositTokens
FNDA:0,ConvertFacet._depositTokens
DA:140,0
BRDA:140,3,0,-
BRDA:140,3,1,-
DA:142,0
DA:143,0
DA:144,0
BRDA:144,4,0,-
BRDA:144,4,1,-
DA:145,0
DA:146,0
DA:147,0
BRDA:147,5,0,-
BRDA:147,5,1,-
DA:148,0
DA:149,0
DA:150,0
DA:151,0
DA:152,0
DA:154,0
DA:155,0
FN:158,ConvertFacet.getMaxAmountIn
FNDA:0,ConvertFacet.getMaxAmountIn
DA:163,0
FN:166,ConvertFacet.getAmountOut
FNDA:0,ConvertFacet.getAmountOut
DA:171,0
FNF:5
FNH:0
LF:44
LH:0
BRF:12
BRH:0
end_of_record
TN:
SF:contracts/farm/facets/CurveFacet.sol
FN:33,CurveFacet.curve_exchange
FNDA:0,CurveFacet.curve_exchange
DA:43,0
DA:44,0
DA:49,0
DA:51,0
BRDA:51,0,0,-
BRDA:51,0,1,-
DA:52,0
DA:54,0
DA:55,0
BRDA:55,1,0,-
BRDA:55,1,1,-
DA:56,0
DA:57,0
BRDA:57,2,0,-
BRDA:57,2,1,-
DA:58,0
DA:59,0
DA:61,0
BRDA:61,3,0,-
BRDA:61,3,1,-
DA:62,0
DA:64,0
FN:68,CurveFacet.curve_exchangeUnderlying
FNDA:0,CurveFacet.curve_exchangeUnderlying
DA:77,0
DA:78,0
DA:79,0
DA:81,0
BRDA:81,4,0,-
BRDA:81,4,1,-
DA:82,0
DA:90,0
DA:96,0
FN:100,CurveFacet.curve_addLiquidity
FNDA:0,CurveFacet.curve_addLiquidity
DA:108,0
DA:109,0
DA:110,0
DA:111,0
BRDA:111,5,0,-
BRDA:111,5,1,-
DA:112,0
DA:117,0
DA:121,0
DA:122,0
BRDA:122,6,0,-
BRDA:122,6,1,-
DA:123,0
DA:124,0
DA:125,0
DA:129,0
DA:130,0
DA:131,0
DA:133,0
DA:136,0
BRDA:136,7,0,-
BRDA:136,7,1,-
DA:137,0
DA:142,0
BRDA:142,8,0,-
BRDA:142,8,1,-
DA:143,0
DA:149,0
DA:155,0
BRDA:155,9,0,-
BRDA:155,9,1,-
DA:156,0
FN:159,CurveFacet.curve_removeLiquidity
FNDA:0,CurveFacet.curve_removeLiquidity
DA:167,0
DA:168,0
DA:170,0
DA:175,0
BRDA:175,10,0,-
BRDA:175,10,1,-
DA:176,0
DA:177,0
DA:178,0
DA:179,0
DA:180,0
DA:184,0
DA:185,0
DA:186,0
BRDA:186,11,0,-
BRDA:186,11,1,-
DA:188,0
DA:191,0
DA:194,0
DA:196,0
BRDA:196,12,0,-
BRDA:196,12,1,-
DA:197,0
DA:202,0
DA:203,0
BRDA:203,13,0,-
BRDA:203,13,1,-
DA:204,0
DA:209,0
DA:211,0
DA:221,0
DA:223,0
BRDA:223,14,0,-
BRDA:223,14,1,-
DA:224,0
DA:225,0
DA:226,0
BRDA:226,15,0,-
BRDA:226,15,1,-
DA:227,0
FN:235,CurveFacet.curve_removeLiquidityImbalance
FNDA:0,CurveFacet.curve_removeLiquidityImbalance
DA:244,0
DA:245,0
DA:246,0
DA:247,0
DA:252,0
BRDA:252,16,0,-
BRDA:252,16,1,-
DA:253,0
BRDA:253,17,0,-
BRDA:253,17,1,-
DA:254,0
DA:255,0
DA:256,0
DA:257,0
DA:261,0
DA:262,0
BRDA:262,18,0,-
BRDA:262,18,1,-
DA:263,0
DA:266,0
DA:267,0
DA:268,0
DA:271,0
DA:274,0
BRDA:274,19,0,-
BRDA:274,19,1,-
DA:275,0
DA:280,0
BRDA:280,20,0,-
BRDA:280,20,1,-
DA:281,0
DA:287,0
DA:292,0
DA:293,0
BRDA:293,21,0,-
BRDA:293,21,1,-
DA:294,0
DA:295,0
DA:296,0
BRDA:296,22,0,-
BRDA:296,22,1,-
DA:297,0
FN:306,CurveFacet.curve_removeLiquidityOneToken
FNDA:0,CurveFacet.curve_removeLiquidityOneToken
DA:315,0
DA:316,0
DA:317,0
DA:319,0
BRDA:319,23,0,-
BRDA:319,23,1,-
DA:320,0
DA:321,0
BRDA:321,24,0,-
BRDA:321,24,1,-
DA:322,0
DA:328,0
DA:334,0
DA:335,0
DA:336,0
DA:339,0
BRDA:339,25,0,-
BRDA:339,25,1,-
DA:340,0
DA:347,0
DA:352,0
FN:356,CurveFacet.getUnderlyingIandJ
FNDA:0,CurveFacet.getUnderlyingIandJ
DA:361,0
DA:363,0
DA:364,0
DA:365,0
DA:366,0
BRDA:366,26,0,-
BRDA:366,26,1,-
DA:367,0
BRDA:367,27,0,-
BRDA:367,27,1,-
DA:368,0
BRDA:368,28,0,-
BRDA:368,28,1,-
DA:370,0
BRDA:370,29,0,-
BRDA:370,29,1,-
FN:373,CurveFacet.getIandJ
FNDA:0,CurveFacet.getIandJ
DA:379,0
DA:380,0
DA:381,0
DA:382,0
DA:383,0
BRDA:383,30,0,-
BRDA:383,30,1,-
DA:384,0
BRDA:384,31,0,-
BRDA:384,31,1,-
DA:385,0
BRDA:385,32,0,-
BRDA:385,32,1,-
DA:387,0
BRDA:387,33,0,-
BRDA:387,33,1,-
FN:390,CurveFacet.getI
FNDA:0,CurveFacet.getI
DA:395,0
DA:396,0
DA:397,0
DA:398,0
BRDA:398,34,0,-
BRDA:398,34,1,-
DA:399,0
BRDA:399,35,0,-
BRDA:399,35,1,-
DA:401,0
BRDA:401,36,0,-
BRDA:401,36,1,-
FN:404,CurveFacet.tokenForPool
FNDA:0,CurveFacet.tokenForPool
DA:405,0
BRDA:405,37,0,-
BRDA:405,37,1,-
DA:406,0
BRDA:406,38,0,-
BRDA:406,38,1,-
DA:407,0
FN:410,CurveFacet.getCoins
FNDA:0,CurveFacet.getCoins
DA:415,0
BRDA:415,39,0,-
BRDA:415,39,1,-
DA:416,0
DA:417,0
DA:419,0
BRDA:419,40,0,-
BRDA:419,40,1,-
DA:423,0
FN:427,CurveFacet.isStable
FNDA:0,CurveFacet.isStable
DA:428,0
FN:431,CurveFacet.hasNoReturnValue
FNDA:0,CurveFacet.hasNoReturnValue
DA:432,0
FN:435,CurveFacet.is3Pool
FNDA:0,CurveFacet.is3Pool
DA:436,0
FN:439,CurveFacet.refundUnusedLPTokens
FNDA:0,CurveFacet.refundUnusedLPTokens
DA:440,0
BRDA:440,41,0,-
BRDA:440,41,1,-
DA:441,0
DA:446,0
FNF:15
FNH:0
LF:150
LH:0
BRF:84
BRH:0
end_of_record
TN:
SF:contracts/farm/facets/DiamondCutFacet.sol
FN:22,DiamondCutFacet.diamondCut
FNDA:0,DiamondCutFacet.diamondCut
DA:27,0
DA:28,0
FNF:1
FNH:0
LF:2
LH:0
BRF:0
BRH:0
end_of_record
TN:
SF:contracts/farm/facets/DiamondLoupeFacet.sol
FN:28,DiamondLoupeFacet.facets
FNDA:0,DiamondLoupeFacet.facets
DA:29,0
DA:30,0
DA:31,0
DA:32,0
DA:33,0
DA:34,0
DA:35,0
FN:42,DiamondLoupeFacet.facetFunctionSelectors
FNDA:0,DiamondLoupeFacet.facetFunctionSelectors
DA:48,0
DA:49,0
FN:54,DiamondLoupeFacet.facetAddresses
FNDA:0,DiamondLoupeFacet.facetAddresses
DA:55,0
DA:56,0
FN:63,DiamondLoupeFacet.facetAddress
FNDA:0,DiamondLoupeFacet.facetAddress
DA:69,0
DA:70,0
FN:74,DiamondLoupeFacet.supportsInterface
FNDA:0,DiamondLoupeFacet.supportsInterface
DA:75,0
DA:76,0
FNF:5
FNH:0
LF:15
LH:0
BRF:0
BRH:0
end_of_record
TN:
SF:contracts/farm/facets/FarmFacet.sol
FN:24,FarmFacet._farm
FNDA:0,FarmFacet._farm
DA:25,0
DA:26,0
DA:28,0
DA:30,0
DA:32,0
DA:34,0
DA:37,0
BRDA:37,0,0,-
BRDA:37,0,1,-
DA:38,0
DA:39,0
BRDA:39,1,0,-
BRDA:39,1,1,-
DA:40,0
BRDA:40,2,0,-
BRDA:40,2,1,-
FN:47,FarmFacet.farm
FNDA:0,FarmFacet.farm
DA:48,0
BRDA:48,3,0,-
BRDA:48,3,1,-
DA:49,0
DA:50,0
DA:52,0
BRDA:52,4,0,-
BRDA:52,4,1,-
DA:53,0
DA:54,0
FNF:2
FNH:0
LF:16
LH:0
BRF:10
BRH:0
end_of_record
TN:
SF:contracts/farm/facets/FertilizerFacet.sol
FN:32,FertilizerFacet.claimFertilized
FNDA:0,FertilizerFacet.claimFertilized
DA:36,0
DA:37,0
FN:40,FertilizerFacet.mintFertilizer
FNDA:0,FertilizerFacet.mintFertilizer
DA:45,0
DA:46,0
BRDA:46,0,0,-
BRDA:46,0,1,-
DA:47,0
DA:53,0
DA:58,0
FN:61,FertilizerFacet.addFertilizerOwner
FNDA:0,FertilizerFacet.addFertilizerOwner
DA:66,0
DA:67,0
DA:72,0
FN:75,FertilizerFacet.payFertilizer
FNDA:0,FertilizerFacet.payFertilizer
DA:76,0
BRDA:76,1,0,-
BRDA:76,1,1,-
DA:77,0
FN:85,FertilizerFacet.totalFertilizedBeans
FNDA:0,FertilizerFacet.totalFertilizedBeans
DA:86,0
FN:89,FertilizerFacet.totalUnfertilizedBeans
FNDA:0,FertilizerFacet.totalUnfertilizedBeans
DA:90,0
FN:93,FertilizerFacet.totalFertilizerBeans
FNDA:0,FertilizerFacet.totalFertilizerBeans
DA:94,0
FN:97,FertilizerFacet.getFertilizer
FNDA:0,FertilizerFacet.getFertilizer
DA:98,0
FN:101,FertilizerFacet.getNext
FNDA:0,FertilizerFacet.getNext
DA:102,0
FN:105,FertilizerFacet.getFirst
FNDA:0,FertilizerFacet.getFirst
DA:106,0
FN:109,FertilizerFacet.getLast
FNDA:0,FertilizerFacet.getLast
DA:110,0
FN:113,FertilizerFacet.getActiveFertilizer
FNDA:0,FertilizerFacet.getActiveFertilizer
DA:114,0
FN:117,FertilizerFacet.isFertilizing
FNDA:0,FertilizerFacet.isFertilizing
DA:118,0
FN:121,FertilizerFacet.beansPerFertilizer
FNDA:0,FertilizerFacet.beansPerFertilizer
DA:122,0
FN:125,FertilizerFacet.getHumidity
FNDA:0,FertilizerFacet.getHumidity
DA:126,0
FN:129,FertilizerFacet.getCurrentHumidity
FNDA:0,FertilizerFacet.getCurrentHumidity
DA:130,0
FN:133,FertilizerFacet.getEndBpf
FNDA:0,FertilizerFacet.getEndBpf
DA:134,0
FN:137,FertilizerFacet.remainingRecapitalization
FNDA:0,FertilizerFacet.remainingRecapitalization
DA:138,0
FN:141,FertilizerFacet.balanceOfUnfertilized
FNDA:0,FertilizerFacet.balanceOfUnfertilized
DA:146,0
FN:149,FertilizerFacet.balanceOfFertilized
FNDA:0,FertilizerFacet.balanceOfFertilized
DA:154,0
FN:157,FertilizerFacet.balanceOfFertilizer
FNDA:0,FertilizerFacet.balanceOfFertilizer
DA:162,0
FN:165,FertilizerFacet.balanceOfBatchFertilizer
FNDA:0,FertilizerFacet.balanceOfBatchFertilizer
DA:169,0
FN:172,FertilizerFacet.getFertilizers
FNDA:0,FertilizerFacet.getFertilizers
DA:177,0
DA:178,0
DA:179,0
DA:180,0
DA:181,0
DA:183,0
DA:184,0
DA:185,0
DA:186,0
DA:187,0
DA:188,0
DA:189,0
DA:190,0
FNF:23
FNH:0
LF:43
LH:0
BRF:4
BRH:0
end_of_record
TN:
SF:contracts/farm/facets/FieldFacet.sol
FN:33,FieldFacet.sow
FNDA:0,FieldFacet.sow
DA:38,0
FN:41,FieldFacet.sowWithMin
FNDA:0,FieldFacet.sowWithMin
DA:46,0
DA:47,0
BRDA:47,0,0,-
BRDA:47,0,1,-
DA:51,0
BRDA:51,1,0,-
BRDA:51,1,1,-
DA:52,0
FN:55,FieldFacet._sow
FNDA:0,FieldFacet._sow
DA:59,0
DA:60,0
FN:67,FieldFacet.harvest
FNDA:0,FieldFacet.harvest
DA:71,0
DA:72,0
FN:75,FieldFacet._harvest
FNDA:0,FieldFacet._harvest
DA:79,0
DA:80,0
BRDA:80,2,0,-
BRDA:80,2,1,-
DA:81,0
DA:82,0
DA:84,0
DA:85,0
FN:88,FieldFacet.harvestPlot
FNDA:0,FieldFacet.harvestPlot
DA:92,0
DA:93,0
BRDA:93,3,0,-
BRDA:93,3,1,-
DA:94,0
DA:95,0
DA:96,0
BRDA:96,4,0,-
BRDA:96,4,1,-
DA:97,0
DA:98,0
DA:100,0
BRDA:100,5,0,-
BRDA:100,5,1,-
DA:101,0
FN:110,FieldFacet.podIndex
FNDA:0,FieldFacet.podIndex
DA:111,0
FN:114,FieldFacet.harvestableIndex
FNDA:0,FieldFacet.harvestableIndex
DA:115,0
FN:118,FieldFacet.totalPods
FNDA:0,FieldFacet.totalPods
DA:119,0
FN:122,FieldFacet.totalHarvested
FNDA:0,FieldFacet.totalHarvested
DA:123,0
FN:126,FieldFacet.totalHarvestable
FNDA:0,FieldFacet.totalHarvestable
DA:127,0
FN:130,FieldFacet.totalUnharvestable
FNDA:0,FieldFacet.totalUnharvestable
DA:131,0
FN:134,FieldFacet.plot
FNDA:0,FieldFacet.plot
DA:139,0
FN:142,FieldFacet.totalSoil
FNDA:0,FieldFacet.totalSoil
DA:143,0
FNF:14
FNH:0
LF:32
LH:0
BRF:12
BRH:0
end_of_record
TN:
SF:contracts/farm/facets/FundraiserFacet.sol
FN:40,FundraiserFacet.fund
FNDA:0,FundraiserFacet.fund
DA:45,0
DA:46,0
BRDA:46,0,0,-
BRDA:46,0,1,-
DA:47,0
BRDA:47,1,0,-
BRDA:47,1,1,-
DA:48,0
DA:54,0
DA:55,0
DA:56,0
BRDA:56,2,0,-
BRDA:56,2,1,-
DA:57,0
DA:59,0
FN:62,FundraiserFacet.completeFundraiser
FNDA:0,FundraiserFacet.completeFundraiser
DA:63,0
BRDA:63,3,0,-
BRDA:63,3,1,-
DA:67,0
DA:71,0
FN:74,FundraiserFacet.createFundraiser
FNDA:0,FundraiserFacet.createFundraiser
DA:79,0
DA:80,0
DA:81,0
DA:82,0
DA:83,0
DA:84,0
DA:85,0
DA:86,0
DA:87,0
DA:88,0
FN:95,FundraiserFacet.remainingFunding
FNDA:0,FundraiserFacet.remainingFunding
DA:96,0
FN:99,FundraiserFacet.totalFunding
FNDA:0,FundraiserFacet.totalFunding
DA:100,0
FN:103,FundraiserFacet.fundingToken
FNDA:0,FundraiserFacet.fundingToken
DA:104,0
FN:107,FundraiserFacet.fundraiser
FNDA:0,FundraiserFacet.fundraiser
DA:112,0
FN:115,FundraiserFacet.numberOfFundraisers
FNDA:0,FundraiserFacet.numberOfFundraisers
DA:116,0
FNF:8
FNH:0
LF:27
LH:0
BRF:8
BRH:0
end_of_record
TN:
SF:contracts/farm/facets/MarketplaceFacet/Listing.sol
FN:50,Listing._createPodListing
FNDA:0,Listing._createPodListing
DA:58,0
DA:59,0
BRDA:59,0,0,-
BRDA:59,0,1,-
DA:63,0
BRDA:63,1,0,-
BRDA:63,1,1,-
DA:67,0
BRDA:67,2,0,-
BRDA:67,2,1,-
DA:72,0
BRDA:72,3,0,-
BRDA:72,3,1,-
DA:74,0
DA:82,0
FN:97,Listing._fillListing
FNDA:0,Listing._fillListing
DA:98,0
DA:105,0
BRDA:105,4,0,-
BRDA:105,4,1,-
DA:109,0
DA:110,0
BRDA:110,5,0,-
BRDA:110,5,1,-
DA:114,0
BRDA:114,6,0,-
BRDA:114,6,1,-
DA:119,0
DA:120,0
DA:122,0
DA:123,0
FN:126,Listing.__fillListing
FNDA:0,Listing.__fillListing
DA:133,0
BRDA:133,7,0,-
BRDA:133,7,1,-
DA:134,0
DA:141,0
DA:142,0
FN:149,Listing._cancelPodListing
FNDA:0,Listing._cancelPodListing
DA:150,0
BRDA:150,8,0,-
BRDA:150,8,1,-
DA:154,0
DA:155,0
FN:164,Listing.roundAmount
FNDA:0,Listing.roundAmount
DA:169,0
DA:170,0
BRDA:170,9,0,-
BRDA:170,9,1,-
DA:171,0
FN:178,Listing.hashListing
FNDA:0,Listing.hashListing
DA:185,0
FNF:6
FNH:0
LF:27
LH:0
BRF:20
BRH:0
end_of_record
TN:
SF:contracts/farm/facets/MarketplaceFacet/MarketplaceFacet.sol
FN:23,MarketplaceFacet.createPodListing
FNDA:0,MarketplaceFacet.createPodListing
DA:31,0
FN:42,MarketplaceFacet.fillPodListing
FNDA:0,MarketplaceFacet.fillPodListing
DA:47,0
DA:54,0
FN:58,MarketplaceFacet.cancelPodListing
FNDA:0,MarketplaceFacet.cancelPodListing
DA:59,0
FN:63,MarketplaceFacet.podListing
FNDA:0,MarketplaceFacet.podListing
DA:64,0
FN:73,MarketplaceFacet.createPodOrder
FNDA:0,MarketplaceFacet.createPodOrder
DA:79,0
DA:80,0
FN:84,MarketplaceFacet.fillPodOrder
FNDA:0,MarketplaceFacet.fillPodOrder
DA:91,0
FN:95,MarketplaceFacet.cancelPodOrder
FNDA:0,MarketplaceFacet.cancelPodOrder
DA:100,0
FN:105,MarketplaceFacet.podOrder
FNDA:0,MarketplaceFacet.podOrder
DA:110,0
FN:113,MarketplaceFacet.podOrderById
FNDA:0,MarketplaceFacet.podOrderById
DA:114,0
FN:121,MarketplaceFacet.transferPlot
FNDA:0,MarketplaceFacet.transferPlot
DA:128,0
BRDA:128,0,0,-
BRDA:128,0,1,-
DA:132,0
DA:133,0
BRDA:133,1,0,-
BRDA:133,1,1,-
DA:134,0
BRDA:134,2,0,-
BRDA:134,2,1,-
DA:135,0
DA:137,0
BRDA:136,3,0,-
BRDA:136,3,1,-
DA:140,0
DA:143,0
BRDA:143,4,0,-
BRDA:143,4,1,-
DA:144,0
DA:146,0
FN:149,MarketplaceFacet.approvePods
FNDA:0,MarketplaceFacet.approvePods
DA:154,0
BRDA:154,5,0,-
BRDA:154,5,1,-
DA:155,0
DA:156,0
FNF:11
FNH:0
LF:24
LH:0
BRF:12
BRH:0
end_of_record
TN:
SF:contracts/farm/facets/MarketplaceFacet/Order.sol
FN:44,Order._createPodOrder
FNDA:0,Order._createPodOrder
DA:49,0
BRDA:49,0,0,-
BRDA:49,0,1,-
DA:53,0
DA:54,0
FN:57,Order.__createPodOrder
FNDA:0,Order.__createPodOrder
DA:62,0
BRDA:62,1,0,-
BRDA:62,1,1,-
DA:63,0
DA:64,0
BRDA:64,2,0,-
BRDA:64,2,1,-
DA:65,0
DA:70,0
DA:71,0
FN:84,Order._fillPodOrder
FNDA:0,Order._fillPodOrder
DA:91,0
DA:92,0
DA:93,0
BRDA:93,3,0,-
BRDA:93,3,1,-
DA:97,0
DA:98,0
BRDA:98,4,0,-
BRDA:98,4,1,-
DA:102,0
DA:103,0
DA:104,0
BRDA:104,5,0,-
BRDA:104,5,1,-
DA:105,0
DA:107,0
DA:108,0
BRDA:108,6,0,-
BRDA:108,6,1,-
DA:109,0
DA:111,0
FN:118,Order._cancelPodOrder
FNDA:0,Order._cancelPodOrder
DA:123,0
DA:124,0
DA:125,0
DA:126,0
DA:127,0
FN:134,Order.createOrderId
FNDA:0,Order.createOrderId
DA:139,0
FNF:5
FNH:0
LF:28
LH:0
BRF:14
BRH:0
end_of_record
TN:
SF:contracts/farm/facets/MarketplaceFacet/PodTransfer.sol
FN:39,PodTransfer.allowancePods
FNDA:0,PodTransfer.allowancePods
DA:44,0
FN:51,PodTransfer._transferPlot
FNDA:0,PodTransfer._transferPlot
DA:58,0
BRDA:58,0,0,-
BRDA:58,0,1,-
DA:59,0
DA:60,0
DA:61,0
FN:64,PodTransfer.insertPlot
FNDA:0,PodTransfer.insertPlot
DA:69,0
FN:72,PodTransfer.removePlot
FNDA:0,PodTransfer.removePlot
DA:78,0
DA:79,0
BRDA:79,1,0,-
BRDA:79,1,1,-
DA:80,0
DA:81,0
BRDA:81,2,0,-
BRDA:81,2,1,-
DA:82,0
FN:85,PodTransfer.decrementAllowancePods
FNDA:0,PodTransfer.decrementAllowancePods
DA:90,0
DA:91,0
FN:98,PodTransfer.setAllowancePods
FNDA:0,PodTransfer.setAllowancePods
DA:103,0
FNF:6
FNH:0
LF:14
LH:0
BRF:6
BRH:0
end_of_record
TN:
SF:contracts/farm/facets/OracleFacet.sol
FN:13,OracleFacet.getPrice
FNDA:0,OracleFacet.getPrice
DA:14,0
FN:17,OracleFacet.registerOracle
FNDA:0,OracleFacet.registerOracle
DA:18,0
DA:19,0
FNF:2
FNH:0
LF:3
LH:0
BRF:0
BRH:0
end_of_record
TN:
SF:contracts/farm/facets/OwnershipFacet.sol
FN:15,OwnershipFacet.transferOwnership
FNDA:0,OwnershipFacet.transferOwnership
DA:16,0
DA:17,0
FN:20,OwnershipFacet.claimOwnership
FNDA:0,OwnershipFacet.claimOwnership
DA:21,0
BRDA:21,0,0,-
BRDA:21,0,1,-
DA:22,0
DA:23,0
FN:26,OwnershipFacet.owner
FNDA:0,OwnershipFacet.owner
DA:27,0
FN:30,OwnershipFacet.ownerCandidate
FNDA:0,OwnershipFacet.ownerCandidate
DA:31,0
FNF:4
FNH:0
LF:7
LH:0
BRF:2
BRH:0
end_of_record
TN:
SF:contracts/farm/facets/PauseFacet.sol
FN:28,PauseFacet.pause
FNDA:0,PauseFacet.pause
DA:29,0
DA:30,0
BRDA:30,0,0,-
BRDA:30,0,1,-
DA:31,0
DA:32,0
DA:33,0
DA:34,0
FN:37,PauseFacet.unpause
FNDA:0,PauseFacet.unpause
DA:38,0
DA:39,0
BRDA:39,1,0,-
BRDA:39,1,1,-
DA:40,0
DA:41,0
DA:42,0
DA:43,0
DA:44,0
FNF:2
FNH:0
LF:13
LH:0
BRF:4
BRH:0
end_of_record
TN:
SF:contracts/farm/facets/SeasonFacet/Oracle.sol
FN:22,Oracle.totalDeltaB
FNDA:0,Oracle.totalDeltaB
DA:23,0
FN:26,Oracle.poolDeltaB
FNDA:0,Oracle.poolDeltaB
DA:27,0
BRDA:27,0,0,-
BRDA:27,0,1,-
DA:28,0
BRDA:28,1,0,-
BRDA:28,1,1,-
FN:35,Oracle.stepOracle
FNDA:0,Oracle.stepOracle
DA:36,0
FNF:3
FNH:0
LF:4
LH:0
BRF:4
BRH:0
end_of_record
TN:
SF:contracts/farm/facets/SeasonFacet/SeasonFacet.sol
FN:27,SeasonFacet.sunrise
FNDA:0,SeasonFacet.sunrise
DA:28,0
BRDA:28,0,0,-
BRDA:28,0,1,-
DA:29,0
BRDA:29,1,0,-
BRDA:29,1,1,-
DA:30,0
DA:31,0
DA:32,0
DA:33,0
DA:34,0
FN:41,SeasonFacet.season
FNDA:0,SeasonFacet.season
DA:42,0
FN:45,SeasonFacet.paused
FNDA:0,SeasonFacet.paused
DA:46,0
FN:49,SeasonFacet.time
FNDA:0,SeasonFacet.time
DA:50,0
FN:53,SeasonFacet.seasonTime
FNDA:0,SeasonFacet.seasonTime
DA:54,0
BRDA:54,2,0,-
BRDA:54,2,1,-
DA:55,0
BRDA:55,3,0,-
BRDA:55,3,1,-
DA:56,0
FN:63,SeasonFacet.stepSeason
FNDA:0,SeasonFacet.stepSeason
DA:64,0
DA:65,0
DA:66,0
FN:69,SeasonFacet.incentivize
FNDA:0,SeasonFacet.incentivize
DA:70,0
DA:73,0
BRDA:73,4,0,-
BRDA:73,4,1,-
DA:74,0
DA:75,0
DA:76,0
FNF:7
FNH:0
LF:21
LH:0
BRF:10
BRH:0
end_of_record
TN:
SF:contracts/farm/facets/SeasonFacet/Sun.sol
FN:30,Sun.stepSun
FNDA:0,Sun.stepSun
DA:31,0
BRDA:31,0,0,-
BRDA:31,0,1,-
DA:32,0
DA:33,0
DA:35,0
FN:38,Sun.rewardBeans
FNDA:0,Sun.rewardBeans
DA:39,0
DA:40,0
DA:41,0
BRDA:41,1,0,-
BRDA:41,1,1,-
DA:42,0
DA:43,0
DA:45,0
BRDA:45,2,0,-
BRDA:45,2,1,-
DA:46,0
DA:47,0
DA:49,0
DA:50,0
FN:53,Sun.rewardToFertilizer
FNDA:0,Sun.rewardToFertilizer
DA:58,0
DA:61,0
DA:62,0
DA:63,0
DA:66,0
DA:69,0
DA:71,0
DA:72,0
DA:75,0
BRDA:75,3,0,-
BRDA:75,3,1,-
DA:76,0
DA:77,0
DA:78,0
BRDA:78,4,0,-
BRDA:78,4,1,-
DA:79,0
DA:82,0
DA:83,0
DA:84,0
DA:85,0
DA:89,0
DA:90,0
DA:91,0
FN:94,Sun.rewardToHarvestable
FNDA:0,Sun.rewardToHarvestable
DA:98,0
DA:99,0
DA:100,0
DA:103,0
FN:106,Sun.rewardToSilo
FNDA:0,Sun.rewardToSilo
DA:107,0
DA:108,0
DA:109,0
FN:115,Sun.setSoilAbovePeg
FNDA:0,Sun.setSoilAbovePeg
DA:116,0
DA:117,0
BRDA:117,5,0,-
BRDA:117,5,1,-
DA:118,0
BRDA:118,6,0,-
BRDA:118,6,1,-
DA:119,0
FN:122,Sun.setSoil
FNDA:0,Sun.setSoil
DA:123,0
DA:124,0
DA:125,0
FNF:7
FNH:0
LF:48
LH:0
BRF:14
BRH:0
end_of_record
TN:
SF:contracts/farm/facets/SeasonFacet/Weather.sol
FN:32,Weather.weather
FNDA:0,Weather.weather
DA:33,0
FN:36,Weather.rain
FNDA:0,Weather.rain
DA:37,0
FN:40,Weather.yield
FNDA:0,Weather.yield
DA:41,0
FN:44,Weather.plentyPerRoot
FNDA:0,Weather.plentyPerRoot
DA:45,0
FN:52,Weather.stepWeather
FNDA:0,Weather.stepWeather
DA:53,0
DA:54,0
DA:55,0
BRDA:55,0,0,-
BRDA:55,0,1,-
DA:56,0
DA:57,0
DA:61,0
DA:67,0
DA:69,0
DA:72,0
BRDA:72,1,0,-
BRDA:72,1,1,-
DA:74,0
BRDA:73,2,0,-
BRDA:73,2,1,-
DA:78,0
DA:80,0
BRDA:79,3,0,-
BRDA:79,3,1,-
DA:83,0
DA:84,0
DA:85,0
DA:86,0
DA:89,0
DA:90,0
BRDA:90,4,0,-
BRDA:90,4,1,-
DA:91,0
DA:92,0
BRDA:92,5,0,-
BRDA:92,5,1,-
DA:93,0
DA:94,0
DA:95,0
BRDA:95,6,0,-
BRDA:95,6,1,-
DA:96,0
DA:100,0
DA:103,0
BRDA:103,7,0,-
BRDA:103,7,1,-
DA:104,0
BRDA:104,8,0,-
BRDA:104,8,1,-
DA:105,0
DA:106,0
BRDA:106,9,0,-
BRDA:106,9,1,-
DA:107,0
DA:111,0
BRDA:110,10,0,-
BRDA:110,10,1,-
DA:113,0
DA:116,0
BRDA:116,11,0,-
BRDA:116,11,1,-
DA:117,0
DA:118,0
BRDA:118,12,0,-
BRDA:118,12,1,-
DA:119,0
DA:121,0
DA:123,0
DA:124,0
FN:127,Weather.changeWeather
FNDA:0,Weather.changeWeather
DA:128,0
DA:129,0
BRDA:129,13,0,-
BRDA:129,13,1,-
DA:130,0
BRDA:130,14,0,-
BRDA:130,14,1,-
DA:134,0
DA:135,0
DA:136,0
DA:137,0
DA:139,0
FN:142,Weather.handleRain
FNDA:0,Weather.handleRain
DA:143,0
BRDA:143,15,0,-
BRDA:143,15,1,-
DA:144,0
BRDA:144,16,0,-
BRDA:144,16,1,-
DA:145,0
DA:146,0
BRDA:146,17,0,-
BRDA:146,17,1,-
DA:147,0
DA:149,0
DA:150,0
DA:151,0
DA:152,0
DA:154,0
BRDA:153,18,0,-
BRDA:153,18,1,-
DA:157,0
BRDA:157,19,0,-
BRDA:157,19,1,-
FN:161,Weather.sop
FNDA:0,Weather.sop
DA:162,0
DA:163,0
BRDA:163,20,0,-
BRDA:163,20,1,-
DA:164,0
DA:166,0
DA:167,0
BRDA:167,21,0,-
BRDA:167,21,1,-
DA:168,0
DA:169,0
DA:170,0
DA:171,0
DA:172,0
DA:173,0
DA:174,0
FN:177,Weather.rewardSop
FNDA:0,Weather.rewardSop
DA:178,0
DA:181,0
DA:182,0
FNF:9
FNH:0
LF:77
LH:0
BRF:44
BRH:0
end_of_record
TN:
SF:contracts/farm/facets/SiloFacet/Silo.sol
FN:46,Silo._update
FNDA:0,Silo._update
DA:47,0
DA:48,0
BRDA:48,0,0,-
BRDA:48,0,1,-
DA:50,0
DA:52,0
DA:53,0
FN:56,Silo._plant
FNDA:0,Silo._plant
DA:58,0
DA:59,0
DA:61,0
DA:62,0
BRDA:62,1,0,-
BRDA:62,1,1,-
DA:63,0
DA:65,0
DA:72,0
DA:75,0
DA:79,0
DA:80,0
DA:82,0
DA:83,0
FN:86,Silo._claimPlenty
FNDA:0,Silo._claimPlenty
DA:88,0
DA:89,0
DA:90,0
DA:92,0
FN:95,Silo.earnGrownStalk
FNDA:0,Silo.earnGrownStalk
DA:97,0
BRDA:97,2,0,-
BRDA:97,2,1,-
DA:98,0
FN:101,Silo.handleRainAndSops
FNDA:0,Silo.handleRainAndSops
DA:103,0
BRDA:103,3,0,-
BRDA:103,3,1,-
DA:104,0
DA:105,0
DA:106,0
DA:109,0
BRDA:109,4,0,-
BRDA:109,4,1,-
DA:110,0
DA:111,0
DA:113,0
BRDA:113,5,0,-
BRDA:113,5,1,-
DA:115,0
BRDA:115,6,0,-
BRDA:115,6,1,-
DA:116,0
DA:117,0
DA:121,0
BRDA:121,7,0,-
BRDA:121,7,1,-
DA:122,0
DA:123,0
BRDA:123,8,0,-
BRDA:123,8,1,-
DA:125,0
FNF:5
FNH:0
LF:38
LH:0
BRF:18
BRH:0
end_of_record
TN:
SF:contracts/farm/facets/SiloFacet/SiloExit.sol
FN:34,SiloExit.totalStalk
FNDA:0,SiloExit.totalStalk
DA:35,0
FN:38,SiloExit.totalRoots
FNDA:0,SiloExit.totalRoots
DA:39,0
FN:42,SiloExit.totalSeeds
FNDA:0,SiloExit.totalSeeds
DA:43,0
FN:46,SiloExit.totalEarnedBeans
FNDA:0,SiloExit.totalEarnedBeans
DA:47,0
FN:50,SiloExit.balanceOfSeeds
FNDA:0,SiloExit.balanceOfSeeds
DA:51,0
FN:54,SiloExit.balanceOfStalk
FNDA:0,SiloExit.balanceOfStalk
DA:55,0
FN:58,SiloExit.balanceOfRoots
FNDA:0,SiloExit.balanceOfRoots
DA:59,0
FN:62,SiloExit.balanceOfGrownStalk
FNDA:0,SiloExit.balanceOfGrownStalk
DA:67,0
FN:74,SiloExit.balanceOfEarnedBeans
FNDA:0,SiloExit.balanceOfEarnedBeans
DA:79,0
FN:82,SiloExit._balanceOfEarnedBeans
FNDA:0,SiloExit._balanceOfEarnedBeans
DA:88,0
BRDA:88,0,0,-
BRDA:88,0,1,-
DA:92,0
DA:95,0
BRDA:95,1,0,-
BRDA:95,1,1,-
DA:98,0
DA:99,0
BRDA:99,2,0,-
BRDA:99,2,1,-
DA:100,0
FN:103,SiloExit.balanceOfEarnedStalk
FNDA:0,SiloExit.balanceOfEarnedStalk
DA:108,0
FN:111,SiloExit.balanceOfEarnedSeeds
FNDA:0,SiloExit.balanceOfEarnedSeeds
DA:116,0
FN:119,SiloExit.lastUpdate
FNDA:0,SiloExit.lastUpdate
DA:120,0
FN:127,SiloExit.lastSeasonOfPlenty
FNDA:0,SiloExit.lastSeasonOfPlenty
DA:128,0
FN:131,SiloExit.balanceOfPlenty
FNDA:0,SiloExit.balanceOfPlenty
DA:136,0
DA:137,0
DA:138,0
DA:140,0
BRDA:140,3,0,-
BRDA:140,3,1,-
DA:143,0
BRDA:143,4,0,-
BRDA:143,4,1,-
DA:144,0
DA:145,0
DA:148,0
BRDA:148,5,0,-
BRDA:148,5,1,-
DA:149,0
DA:150,0
DA:151,0
DA:159,0
DA:163,0
BRDA:163,6,0,-
BRDA:163,6,1,-
DA:164,0
DA:165,0
FN:173,SiloExit.balanceOfRainRoots
FNDA:0,SiloExit.balanceOfRainRoots
DA:174,0
FN:177,SiloExit.balanceOfSop
FNDA:0,SiloExit.balanceOfSop
DA:182,0
DA:183,0
DA:184,0
DA:185,0
DA:186,0
FN:193,SiloExit.season
FNDA:0,SiloExit.season
DA:194,0
FNF:18
FNH:0
LF:41
LH:0
BRF:14
BRH:0
end_of_record
TN:
SF:contracts/farm/facets/SiloFacet/SiloFacet.sol
FN:24,SiloFacet.deposit
FNDA:0,SiloFacet.deposit
DA:29,0
DA:35,0
FN:42,SiloFacet.withdrawDeposit
FNDA:0,SiloFacet.withdrawDeposit
DA:47,0
FN:50,SiloFacet.withdrawDeposits
FNDA:0,SiloFacet.withdrawDeposits
DA:55,0
FN:62,SiloFacet.claimWithdrawal
FNDA:0,SiloFacet.claimWithdrawal
DA:67,0
DA:68,0
FN:71,SiloFacet.claimWithdrawals
FNDA:0,SiloFacet.claimWithdrawals
DA:76,0
DA:77,0
FN:84,SiloFacet.transferDeposit
FNDA:0,SiloFacet.transferDeposit
DA:91,0
DA:92,0
FN:95,SiloFacet.transferDeposits
FNDA:0,SiloFacet.transferDeposits
DA:102,0
DA:103,0
FN:110,SiloFacet.update
FNDA:0,SiloFacet.update
DA:111,0
FN:114,SiloFacet.plant
FNDA:0,SiloFacet.plant
DA:115,0
FN:118,SiloFacet.claimPlenty
FNDA:0,SiloFacet.claimPlenty
DA:119,0
FN:126,SiloFacet.enrootDeposits
FNDA:0,SiloFacet.enrootDeposits
DA:132,0
DA:135,0
DA:136,0
DA:139,0
DA:140,0
DA:141,0
DA:148,0
DA:158,0
DA:161,0
FN:168,SiloFacet.enrootDeposit
FNDA:0,SiloFacet.enrootDeposit
DA:174,0
DA:180,0
DA:181,0
DA:182,0
DA:185,0
DA:188,0
DA:189,0
DA:192,0
FNF:12
FNH:0
LF:32
LH:0
BRF:0
BRH:0
end_of_record
TN:
SF:contracts/farm/facets/SiloFacet/TokenSilo.sol
FN:71,TokenSilo.getDeposit
FNDA:0,TokenSilo.getDeposit
DA:76,0
FN:79,TokenSilo.getWithdrawal
FNDA:0,TokenSilo.getWithdrawal
DA:84,0
FN:87,TokenSilo.getTotalDeposited
FNDA:0,TokenSilo.getTotalDeposited
DA:88,0
FN:91,TokenSilo.getTotalWithdrawn
FNDA:0,TokenSilo.getTotalWithdrawn
DA:92,0
FN:95,TokenSilo.tokenSettings
FNDA:0,TokenSilo.tokenSettings
DA:100,0
FN:103,TokenSilo.withdrawFreeze
FNDA:0,TokenSilo.withdrawFreeze
DA:104,0
FN:113,TokenSilo._deposit
FNDA:0,TokenSilo._deposit
DA:118,0
DA:124,0
FN:129,TokenSilo._withdrawDeposits
FNDA:0,TokenSilo._withdrawDeposits
DA:135,0
BRDA:135,0,0,-
BRDA:135,0,1,-
DA:139,0
DA:145,0
FN:154,TokenSilo._withdrawDeposit
FNDA:0,TokenSilo._withdrawDeposit
DA:160,0
DA:166,0
FN:169,TokenSilo._withdraw
FNDA:0,TokenSilo._withdraw
DA:176,0
DA:177,0
DA:178,0
DA:179,0
FN:182,TokenSilo.removeDeposit
FNDA:0,TokenSilo.removeDeposit
DA:195,0
DA:196,0
DA:197,0
DA:200,0
FN:203,TokenSilo.removeDeposits
FNDA:0,TokenSilo.removeDeposits
DA:209,0
DA:210,0
DA:216,0
DA:217,0
DA:218,0
DA:225,0
DA:226,0
DA:229,0
FN:232,TokenSilo.addTokenWithdrawal
FNDA:0,TokenSilo.addTokenWithdrawal
DA:238,0
DA:241,0
DA:244,0
FN:249,TokenSilo._claimWithdrawal
FNDA:0,TokenSilo._claimWithdrawal
DA:254,0
DA:255,0
DA:258,0
DA:259,0
FN:262,TokenSilo._claimWithdrawals
FNDA:0,TokenSilo._claimWithdrawals
DA:267,0
DA:268,0
DA:272,0
DA:275,0
DA:276,0
FN:279,TokenSilo._removeTokenWithdrawal
FNDA:0,TokenSilo._removeTokenWithdrawal
DA:284,0
BRDA:284,1,0,-
BRDA:284,1,1,-
DA:288,0
DA:289,0
DA:290,0
FN:295,TokenSilo._transferDeposit
FNDA:0,TokenSilo._transferDeposit
DA:302,0
DA:308,0
DA:309,0
FN:312,TokenSilo._transferDeposits
FNDA:0,TokenSilo._transferDeposits
DA:319,0
BRDA:319,2,0,-
BRDA:319,2,1,-
DA:323,0
DA:324,0
DA:325,0
DA:331,0
DA:338,0
DA:339,0
DA:340,0
DA:347,0
DA:348,0
DA:351,0
DA:352,0
FN:360,TokenSilo._season
FNDA:0,TokenSilo._season
DA:361,0
FNF:19
FNH:0
LF:61
LH:0
BRF:6
BRH:0
end_of_record
TN:
SF:contracts/farm/facets/TokenFacet.sol
FN:37,TokenFacet.transferToken
FNDA:0,TokenFacet.transferToken
DA:44,0
FN:51,TokenFacet.wrapEth
FNDA:0,TokenFacet.wrapEth
DA:52,0
DA:53,0
FN:56,TokenFacet.unwrapEth
FNDA:0,TokenFacet.unwrapEth
DA:57,0
FN:66,TokenFacet.getInternalBalance
FNDA:0,TokenFacet.getInternalBalance
DA:71,0
FN:74,TokenFacet.getInternalBalances
FNDA:0,TokenFacet.getInternalBalances
DA:79,0
DA:80,0
DA:81,0
FN:87,TokenFacet.getExternalBalance
FNDA:0,TokenFacet.getExternalBalance
DA:92,0
FN:95,TokenFacet.getExternalBalances
FNDA:0,TokenFacet.getExternalBalances
DA:100,0
DA:101,0
DA:102,0
FN:108,TokenFacet.getBalance
FNDA:0,TokenFacet.getBalance
DA:113,0
FN:116,TokenFacet.getBalances
FNDA:0,TokenFacet.getBalances
DA:121,0
DA:122,0
DA:123,0
FN:129,TokenFacet.getAllBalance
FNDA:0,TokenFacet.getAllBalance
DA:134,0
DA:135,0
DA:136,0
FN:139,TokenFacet.getAllBalances
FNDA:0,TokenFacet.getAllBalances
DA:144,0
DA:145,0
DA:146,0
FNF:11
FNH:0
LF:22
LH:0
BRF:0
BRH:0
end_of_record
TN:
SF:contracts/farm/facets/UnripeFacet.sol
FN:51,UnripeFacet.chop
FNDA:0,UnripeFacet.chop
DA:57,0
DA:59,0
DA:61,0
DA:63,0
DA:65,0
DA:67,0
FN:70,UnripeFacet.pick
FNDA:0,UnripeFacet.pick
DA:76,0
DA:77,0
BRDA:77,0,0,-
BRDA:77,0,1,-
DA:78,0
BRDA:78,1,0,-
BRDA:78,1,1,-
DA:83,0
DA:84,0
BRDA:84,2,0,-
BRDA:84,2,1,-
DA:88,0
DA:90,0
DA:92,0
FN:95,UnripeFacet.picked
FNDA:0,UnripeFacet.picked
DA:100,0
FN:103,UnripeFacet.getUnderlying
FNDA:0,UnripeFacet.getUnderlying
DA:108,0
FN:113,UnripeFacet.getPenalty
FNDA:0,UnripeFacet.getPenalty
DA:118,0
FN:121,UnripeFacet.getPenalizedUnderlying
FNDA:0,UnripeFacet.getPenalizedUnderlying
DA:126,0
BRDA:126,3,0,-
BRDA:126,3,1,-
DA:127,0
DA:128,0
FN:131,UnripeFacet.isUnripe
FNDA:0,UnripeFacet.isUnripe
DA:132,0
FN:135,UnripeFacet.balanceOfUnderlying
FNDA:0,UnripeFacet.balanceOfUnderlying
DA:140,0
FN:144,UnripeFacet.balanceOfPenalizedUnderlying
FNDA:0,UnripeFacet.balanceOfPenalizedUnderlying
DA:149,0
FN:156,UnripeFacet.getRecapFundedPercent
FNDA:0,UnripeFacet.getRecapFundedPercent
DA:161,0
BRDA:161,4,0,-
BRDA:161,4,1,-
DA:162,0
DA:163,0
BRDA:163,5,0,-
BRDA:163,5,1,-
DA:164,0
DA:166,0
FN:169,UnripeFacet.getPercentPenalty
FNDA:0,UnripeFacet.getPercentPenalty
DA:174,0
FN:177,UnripeFacet.getRecapPaidPercent
FNDA:0,UnripeFacet.getRecapPaidPercent
DA:178,0
FN:181,UnripeFacet.getRecapPaidPercentAmount
FNDA:0,UnripeFacet.getRecapPaidPercentAmount
DA:186,0
FN:189,UnripeFacet.getUnderlyingPerUnripeToken
FNDA:0,UnripeFacet.getUnderlyingPerUnripeToken
DA:194,0
FN:201,UnripeFacet.getTotalUnderlying
FNDA:0,UnripeFacet.getTotalUnderlying
DA:206,0
FN:209,UnripeFacet.addUnripeToken
FNDA:0,UnripeFacet.addUnripeToken
DA:214,0
DA:215,0
DA:216,0
DA:217,0
FN:220,UnripeFacet.getUnderlyingToken
FNDA:0,UnripeFacet.getUnderlyingToken
DA:225,0
FNF:17
FNH:0
LF:38
LH:0
BRF:12
BRH:0
end_of_record
TN:
SF:contracts/farm/facets/WellBuildingFacet.sol
FN:19,WellBuildingFacet.buildWell
FNDA:0,WellBuildingFacet.buildWell
DA:25,0
FN:28,WellBuildingFacet.modifyWell
FNDA:0,WellBuildingFacet.modifyWell
DA:33,0
DA:34,0
FN:37,WellBuildingFacet.getWellTypeSignature
FNDA:0,WellBuildingFacet.getWellTypeSignature
DA:40,0
FN:43,WellBuildingFacet.isWellTypeRegistered
FNDA:0,WellBuildingFacet.isWellTypeRegistered
DA:46,0
DA:47,0
FN:50,WellBuildingFacet.encodeWellData
FNDA:0,WellBuildingFacet.encodeWellData
DA:55,0
FNF:5
FNH:0
LF:7
LH:0
BRF:0
BRH:0
end_of_record
TN:
SF:contracts/farm/facets/WellFacet.sol
FN:20,WellFacet.swapFrom
FNDA:0,WellFacet.swapFrom
DA:29,0
DA:30,0
DA:39,0
FN:42,WellFacet.getSwapOut
FNDA:0,WellFacet.getSwapOut
DA:48,0
FN:53,WellFacet.swapTo
FNDA:0,WellFacet.swapTo
DA:62,0
BRDA:62,0,0,-
BRDA:62,0,1,-
DA:66,0
DA:75,0
DA:76,0
FN:79,WellFacet.getSwapIn
FNDA:0,WellFacet.getSwapIn
DA:85,0
FN:94,WellFacet.addLiquidity
FNDA:0,WellFacet.addLiquidity
DA:101,0
DA:102,0
DA:107,0
FN:116,WellFacet.getAddLiquidityOut
FNDA:0,WellFacet.getAddLiquidityOut
DA:120,0
FN:127,WellFacet.removeLiquidity
FNDA:0,WellFacet.removeLiquidity
DA:134,0
DA:141,0
DA:142,0
FN:145,WellFacet.getRemoveLiquidityOut
FNDA:0,WellFacet.getRemoveLiquidityOut
DA:149,0
FN:152,WellFacet.removeLiquidityOneToken
FNDA:0,WellFacet.removeLiquidityOneToken
DA:160,0
DA:168,0
FN:171,WellFacet.getRemoveLiquidityOneTokenOut
FNDA:0,WellFacet.getRemoveLiquidityOneTokenOut
DA:176,0
FN:183,WellFacet.removeLiquidityImbalanced
FNDA:0,WellFacet.removeLiquidityImbalanced
DA:190,0
DA:197,0
DA:198,0
FN:201,WellFacet.getRemoveLiquidityImbalancedIn
FNDA:0,WellFacet.getRemoveLiquidityImbalancedIn
DA:205,0
FN:212,WellFacet.getTokens
FNDA:0,WellFacet.getTokens
DA:217,0
FN:220,WellFacet.getWellInfo
FNDA:0,WellFacet.getWellInfo
DA:225,0
DA:226,0
FN:229,WellFacet.getWellIdAtIndex
FNDA:0,WellFacet.getWellIdAtIndex
DA:234,0
DA:235,0
FN:238,WellFacet.getWellHash
FNDA:0,WellFacet.getWellHash
DA:243,0
FN:246,WellFacet.computeWellHash
FNDA:0,WellFacet.computeWellHash
DA:251,0
FN:258,WellFacet.getWellTokenSupply
FNDA:0,WellFacet.getWellTokenSupply
DA:259,0
FN:262,WellFacet.getWellBalances
FNDA:0,WellFacet.getWellBalances
DA:267,0
FN:270,WellFacet.getCumulativeBalances
FNDA:0,WellFacet.getCumulativeBalances
DA:275,0
FN:278,WellFacet.getWellEmaBalances
FNDA:0,WellFacet.getWellEmaBalances
DA:283,0
FN:286,WellFacet.getWellState
FNDA:0,WellFacet.getWellState
DA:291,0
FN:294,WellFacet.getWell2StateFromHash
FNDA:0,WellFacet.getWell2StateFromHash
DA:299,0
DA:300,0
FN:303,WellFacet.getWellNStateFromHash
FNDA:0,WellFacet.getWellNStateFromHash
DA:308,0
DA:309,0
FN:316,WellFacet.getWellAtIndex
FNDA:0,WellFacet.getWellAtIndex
DA:325,0
FN:328,WellFacet.getWell
FNDA:0,WellFacet.getWell
DA:337,0
DA:338,0
DA:339,0
FNF:26
FNH:0
LF:44
LH:0
BRF:2
BRH:0
end_of_record
TN:
SF:contracts/farm/facets/WellOracleFacet.sol
FN:13,WellOracleFacet.getLPValue
FNDA:0,WellOracleFacet.getLPValue
DA:18,0
FN:25,WellOracleFacet.getInstantLPValue
FNDA:0,WellOracleFacet.getInstantLPValue
DA:30,0
FN:37,WellOracleFacet.powu
FNDA:0,WellOracleFacet.powu
DA:38,0
FNF:3
FNH:0
LF:3
LH:0
BRF:0
BRH:0
end_of_record
TN:
SF:contracts/farm/facets/WhitelistFacet.sol
FN:29,WhitelistFacet.dewhitelistToken
FNDA:0,WhitelistFacet.dewhitelistToken
DA:30,0
DA:31,0
FN:34,WhitelistFacet.whitelistToken
FNDA:0,WhitelistFacet.whitelistToken
DA:42,0
DA:43,0
FN:53,WhitelistFacet.getWhitelistSettings
FNDA:0,WhitelistFacet.getWhitelistSettings
DA:58,0
FNF:3
FNH:0
LF:5
LH:0
BRF:0
BRH:0
end_of_record
TN:
SF:contracts/farm/init/InitBip0.sol
FN:23,InitBip0.diamondStorageOld
FNDA:0,InitBip0.diamondStorageOld
DA:25,0
FN:29,InitBip0.init
FNDA:0,InitBip0.init
FNF:2
FNH:0
LF:1
LH:0
BRF:0
BRH:0
end_of_record
TN:
SF:contracts/farm/init/InitBip1.sol
FN:23,InitBip1.init
FNDA:0,InitBip1.init
DA:24,0
DA:25,0
FNF:1
FNH:0
LF:2
LH:0
BRF:0
BRH:0
end_of_record
TN:
SF:contracts/farm/init/InitBip11.sol
FN:28,InitBip11.init
FNDA:0,InitBip11.init
DA:29,0
DA:30,0
FNF:1
FNH:0
LF:2
LH:0
BRF:0
BRH:0
end_of_record
TN:
SF:contracts/farm/init/InitBip12.sol
FN:29,InitBip12.init
FNDA:0,InitBip12.init
DA:30,0
DA:31,0
FNF:1
FNH:0
LF:2
LH:0
BRF:0
BRH:0
end_of_record
TN:
SF:contracts/farm/init/InitBip13.sol
FN:18,InitBip13.init
FNDA:0,InitBip13.init
DA:19,0
FNF:1
FNH:0
LF:1
LH:0
BRF:0
BRH:0
end_of_record
TN:
SF:contracts/farm/init/InitBip14.sol
FN:23,InitBip14.init
FNDA:0,InitBip14.init
DA:24,0
FNF:1
FNH:0
LF:1
LH:0
BRF:0
BRH:0
end_of_record
TN:
SF:contracts/farm/init/InitBip16.sol
FN:29,InitBip16.init
FNDA:0,InitBip16.init
DA:30,0
DA:31,0
FNF:1
FNH:0
LF:2
LH:0
BRF:0
BRH:0
end_of_record
TN:
SF:contracts/farm/init/InitBip2.sol
FN:18,InitBip2.init
FNDA:0,InitBip2.init
DA:19,0
FNF:1
FNH:0
LF:1
LH:0
BRF:0
BRH:0
end_of_record
TN:
SF:contracts/farm/init/InitBip22.sol
FN:20,InitBip22.init
FNDA:0,InitBip22.init
DA:21,0
FNF:1
FNH:0
LF:1
LH:0
BRF:0
BRH:0
end_of_record
TN:
SF:contracts/farm/init/InitBip23.sol
FN:20,InitBip23.init
FNDA:0,InitBip23.init
DA:21,0
FNF:1
FNH:0
LF:1
LH:0
BRF:0
BRH:0
end_of_record
TN:
SF:contracts/farm/init/InitBip5.sol
FN:24,InitBip5.init
FNDA:0,InitBip5.init
DA:25,0
DA:26,0
FNF:1
FNH:0
LF:2
LH:0
BRF:0
BRH:0
end_of_record
TN:
SF:contracts/farm/init/InitBip7.sol
FN:20,InitBip7.init
FNDA:0,InitBip7.init
DA:21,0
FNF:1
FNH:0
LF:1
LH:0
BRF:0
BRH:0
end_of_record
TN:
SF:contracts/farm/init/InitBip8.sol
FN:27,InitBip8.init
FNDA:0,InitBip8.init
DA:28,0
DA:29,0
DA:30,0
DA:31,0
FNF:1
FNH:0
LF:4
LH:0
BRF:0
BRH:0
end_of_record
TN:
SF:contracts/farm/init/InitBip9.sol
FN:26,InitBip9.init
FNDA:0,InitBip9.init
DA:27,0
DA:28,0
DA:30,0
FNF:1
FNH:0
LF:3
LH:0
BRF:0
BRH:0
end_of_record
TN:
SF:contracts/farm/init/InitDiamond.sol
FN:30,InitDiamond.init
FNDA:0,InitDiamond.init
DA:31,0
DA:33,0
DA:34,0
DA:35,0
DA:37,0
DA:38,0
DA:39,0
DA:41,0
DA:52,0
DA:54,0
DA:55,0
DA:56,0
DA:57,0
DA:58,0
DA:62,0
DA:63,0
DA:64,0
DA:66,0
DA:67,0
FNF:1
FNH:0
LF:19
LH:0
BRF:0
BRH:0
end_of_record
TN:
SF:contracts/farm/init/InitEmpty.sol
FN:14,InitEmpty.init
FNDA:0,InitEmpty.init
FNF:1
FNH:0
LF:0
LH:0
BRF:0
BRH:0
end_of_record
TN:
SF:contracts/farm/init/InitFundraiser.sol
FN:21,InitFundraiser.init
FNDA:0,InitFundraiser.init
DA:22,0
FNF:1
FNH:0
LF:1
LH:0
BRF:0
BRH:0
end_of_record
TN:
SF:contracts/farm/init/InitHotFix2.sol
FN:18,InitHotFix2.init
FNDA:0,InitHotFix2.init
DA:19,0
DA:20,0
DA:21,0
DA:22,0
DA:23,0
DA:24,0
DA:25,0
DA:26,0
DA:27,0
DA:28,0
DA:29,0
DA:30,0
DA:31,0
DA:32,0
DA:33,0
DA:34,0
DA:35,0
DA:36,0
FN:39,InitHotFix2.fixCrates
FNDA:0,InitHotFix2.fixCrates
DA:40,0
DA:41,0
DA:42,0
DA:43,0
DA:44,0
DA:45,0
DA:46,0
DA:47,0
FN:51,InitHotFix2.removeBeanDeposit
FNDA:0,InitHotFix2.removeBeanDeposit
DA:55,0
DA:56,0
DA:57,0
FN:60,InitHotFix2.addBeanDeposit
FNDA:0,InitHotFix2.addBeanDeposit
DA:61,0
DA:62,0
FNF:4
FNH:0
LF:31
LH:0
BRF:0
BRH:0
end_of_record
TN:
SF:contracts/farm/init/InitHotFix3.sol
FN:13,InitHotFix3.init
FNDA:0,InitHotFix3.init
DA:14,0
FNF:1
FNH:0
LF:1
LH:0
BRF:0
BRH:0
end_of_record
TN:
SF:contracts/farm/init/InitHotFix4.sol
FN:20,InitHotFix4.init
FNDA:0,InitHotFix4.init
FNF:1
FNH:0
LF:0
LH:0
BRF:0
BRH:0
end_of_record
TN:
SF:contracts/farm/init/InitHotFix5.sol
FN:27,InitHotFix5.init
FNDA:0,InitHotFix5.init
DA:29,0
DA:31,0
DA:32,0
DA:34,0
DA:36,0
DA:37,0
FNF:1
FNH:0
LF:6
LH:0
BRF:0
BRH:0
end_of_record
TN:
SF:contracts/farm/init/InitOmnisciaAudit.sol
FN:17,InitOmnisciaAudit.init
FNDA:0,InitOmnisciaAudit.init
FNF:1
FNH:0
LF:0
LH:0
BRF:0
BRH:0
end_of_record
TN:
SF:contracts/farm/init/InitReplant.sol
FN:21,InitReplant.init
FNDA:0,InitReplant.init
DA:22,0
DA:23,0
DA:24,0
DA:25,0
DA:26,0
DA:27,0
DA:29,0
DA:31,0
DA:35,0
FNF:1
FNH:0
LF:9
LH:0
BRF:0
BRH:0
end_of_record
TN:
SF:contracts/farm/init/InitSiloToken.sol
FN:18,InitSiloToken.init
FNDA:0,InitSiloToken.init
DA:19,0
FNF:1
FNH:0
LF:1
LH:0
BRF:0
BRH:0
end_of_record
TN:
SF:contracts/farm/init/InitWell.sol
FN:43,InitWell.init
FNDA:0,InitWell.init
DA:45,0
DA:46,0
DA:47,0
DA:49,0
DA:50,0
DA:51,0
DA:53,0
DA:54,0
DA:55,0
FNF:1
FNH:0
LF:9
LH:0
BRF:0
BRH:0
end_of_record
TN:
SF:contracts/farm/init/replant/Replant1.sol
FN:83,Replant1.init
FNDA:0,Replant1.init
DA:85,0
DA:91,0
DA:98,0
DA:104,0
DA:119,0
DA:120,0
DA:124,0
DA:125,0
DA:126,0
DA:129,0
DA:130,0
DA:132,0
DA:133,0
DA:135,0
DA:136,0
FNF:1
FNH:0
LF:15
LH:0
BRF:0
BRH:0
end_of_record
TN:
SF:contracts/farm/init/replant/Replant3.sol
FN:53,Replant3.init
FNDA:0,Replant3.init
DA:61,0
DA:62,0
DA:64,0
DA:65,0
DA:67,0
DA:68,0
DA:71,0
DA:72,0
DA:75,0
DA:76,0
FN:80,Replant3.claimWithdrawals
FNDA:0,Replant3.claimWithdrawals
DA:83,0
FN:86,Replant3.harvest
FNDA:0,Replant3.harvest
DA:89,0
DA:90,0
DA:92,0
FN:95,Replant3.harvestPartial
FNDA:0,Replant3.harvestPartial
DA:98,0
DA:99,0
DA:100,0
DA:101,0
DA:104,0
DA:105,0
DA:106,0
FN:109,Replant3.cancelPodListing
FNDA:0,Replant3.cancelPodListing
DA:110,0
DA:111,0
FN:114,Replant3.cancelPodOrder
FNDA:0,Replant3.cancelPodOrder
DA:115,0
DA:116,0
FNF:6
FNH:0
LF:25
LH:0
BRF:0
BRH:0
end_of_record
TN:
SF:contracts/farm/init/replant/Replant4.sol
FN:39,Replant4.init
FNDA:0,Replant4.init
DA:43,0
DA:44,0
DA:45,0
DA:46,0
FN:49,Replant4.claimLPWithdrawals
FNDA:0,Replant4.claimLPWithdrawals
DA:52,0
DA:53,0
FN:58,Replant4.claimWithdrawals
FNDA:0,Replant4.claimWithdrawals
DA:61,0
DA:62,0
DA:63,0
DA:65,0
FNF:3
FNH:0
LF:10
LH:0
BRF:0
BRH:0
end_of_record
TN:
SF:contracts/farm/init/replant/Replant5.sol
FN:44,Replant5.init
FNDA:0,Replant5.init
DA:45,0
FN:48,Replant5.updateBeanDeposits
FNDA:0,Replant5.updateBeanDeposits
DA:49,0
DA:50,0
DA:51,0
DA:53,0
DA:54,0
FNF:2
FNH:0
LF:6
LH:0
BRF:0
BRH:0
end_of_record
TN:
SF:contracts/farm/init/replant/Replant6.sol
FN:66,Replant6.init
FNDA:0,Replant6.init
DA:67,0
DA:68,0
DA:69,0
BRDA:69,0,0,-
BRDA:69,0,1,-
DA:70,0
DA:72,0
DA:80,0
DA:81,0
FN:92,Replant6.getTokenAmount
FNDA:0,Replant6.getTokenAmount
DA:93,0
BRDA:93,1,0,-
BRDA:93,1,1,-
DA:94,0
BRDA:94,2,0,-
BRDA:94,2,1,-
DA:95,0
FN:98,Replant6.init2
FNDA:0,Replant6.init2
DA:99,0
DA:100,0
FNF:3
FNH:0
LF:12
LH:0
BRF:6
BRH:0
end_of_record
TN:
SF:contracts/farm/init/replant/Replant7.sol
FN:49,Replant7.init
FNDA:0,Replant7.init
DA:50,0
DA:51,0
DA:52,0
DA:53,0
DA:54,0
DA:62,0
FN:66,Replant7.prune
FNDA:0,Replant7.prune
DA:67,0
DA:68,0
DA:69,0
DA:71,0
DA:76,0
FN:83,Replant7.init2
FNDA:0,Replant7.init2
DA:84,0
DA:85,0
DA:86,0
DA:87,0
FNF:3
FNH:0
LF:15
LH:0
BRF:0
BRH:0
end_of_record
TN:
SF:contracts/farm/init/replant/Replant8.sol
FN:75,Replant8.init
FNDA:0,Replant8.init
DA:76,0
DA:77,0
DA:78,0
DA:79,0
BRDA:79,0,0,-
BRDA:79,0,1,-
DA:81,0
DA:82,0
DA:83,0
DA:84,0
DA:86,0
DA:92,0
DA:94,0
DA:95,0
DA:96,0
DA:97,0
DA:99,0
DA:100,0
DA:101,0
DA:102,0
DA:104,0
DA:105,0
DA:106,0
FN:109,Replant8.addUnripeToken
FNDA:0,Replant8.addUnripeToken
DA:114,0
DA:115,0
DA:116,0
FNF:2
FNH:0
LF:24
LH:0
BRF:2
BRH:0
end_of_record
TN:
SF:contracts/fertilizer/Fertilizer.sol
FN:28,Fertilizer.beanstalkUpdate
FNDA:0,Fertilizer.beanstalkUpdate
DA:33,0
FN:36,Fertilizer.beanstalkMint
FNDA:0,Fertilizer.beanstalkMint
DA:37,0
BRDA:37,0,0,-
BRDA:37,0,1,-
DA:38,0
DA:39,0
DA:40,0
DA:42,0
DA:43,0
FN:51,Fertilizer._beforeTokenTransfer
FNDA:0,Fertilizer._beforeTokenTransfer
DA:59,0
DA:60,0
BRDA:60,1,0,-
BRDA:60,1,1,-
DA:61,0
FN:64,Fertilizer._update
FNDA:0,Fertilizer._update
DA:69,0
DA:70,0
BRDA:70,2,0,-
BRDA:70,2,1,-
FN:73,Fertilizer.__update
FNDA:0,Fertilizer.__update
DA:78,0
DA:79,0
DA:80,0
DA:81,0
BRDA:81,3,0,-
BRDA:81,3,1,-
DA:82,0
DA:83,0
DA:86,0
FN:89,Fertilizer.balanceOfFertilized
FNDA:0,Fertilizer.balanceOfFertilized
DA:90,0
DA:91,0
DA:92,0
DA:93,0
DA:94,0
FN:98,Fertilizer.balanceOfUnfertilized
FNDA:0,Fertilizer.balanceOfUnfertilized
DA:99,0
DA:100,0
DA:101,0
BRDA:101,4,0,-
BRDA:101,4,1,-
FN:105,Fertilizer.remaining
FNDA:0,Fertilizer.remaining
DA:106,0
FN:109,Fertilizer.getMintId
FNDA:0,Fertilizer.getMintId
DA:110,0
FNF:9
FNH:0
LF:29
LH:0
BRF:10
BRH:0
end_of_record
TN:
SF:contracts/fertilizer/Fertilizer1155.sol
FN:17,Fertilizer1155.safeTransferFrom
FNDA:0,Fertilizer1155.safeTransferFrom
DA:28,0
BRDA:28,0,0,-
BRDA:28,0,1,-
DA:29,0
BRDA:29,1,0,-
BRDA:29,1,1,-
DA:34,0
DA:36,0
DA:38,0
DA:40,0
DA:42,0
FN:45,Fertilizer1155.safeBatchTransferFrom
FNDA:0,Fertilizer1155.safeBatchTransferFrom
DA:56,0
BRDA:56,2,0,-
BRDA:56,2,1,-
DA:57,0
BRDA:57,3,0,-
BRDA:57,3,1,-
DA:58,0
BRDA:58,4,0,-
BRDA:58,4,1,-
DA:63,0
DA:65,0
DA:67,0
DA:68,0
DA:71,0
DA:73,0
FN:76,Fertilizer1155._transfer
FNDA:0,Fertilizer1155._transfer
FN:84,Fertilizer1155._safeMint
FNDA:0,Fertilizer1155._safeMint
DA:85,0
BRDA:85,5,0,-
BRDA:85,5,1,-
DA:87,0
DA:89,0
DA:91,0
DA:93,0
FN:100,Fertilizer1155.__doSafeTransferAcceptanceCheck
FNDA:0,Fertilizer1155.__doSafeTransferAcceptanceCheck
DA:108,0
BRDA:108,6,0,-
BRDA:108,6,1,-
DA:109,0
FN:121,Fertilizer1155.__doSafeBatchTransferAcceptanceCheck
FNDA:0,Fertilizer1155.__doSafeBatchTransferAcceptanceCheck
DA:129,0
BRDA:129,7,0,-
BRDA:129,7,1,-
DA:130,0
FN:144,Fertilizer1155.__asSingletonArray
FNDA:0,Fertilizer1155.__asSingletonArray
DA:145,0
DA:146,0
DA:148,0
FNF:7
FNH:0
LF:28
LH:0
BRF:16
BRH:0
end_of_record
TN:
SF:contracts/fertilizer/FertilizerPreMint.sol
FN:37,FertilizerPreMint.initialize
FNDA:0,FertilizerPreMint.initialize
DA:38,0
DA:39,0
FN:42,FertilizerPreMint.mint
FNDA:0,FertilizerPreMint.mint
DA:43,0
DA:44,0
BRDA:44,0,0,-
BRDA:44,0,1,-
DA:45,0
DA:46,0
FN:51,FertilizerPreMint.buyAndMint
FNDA:0,FertilizerPreMint.buyAndMint
DA:52,0
DA:53,0
BRDA:53,1,0,-
BRDA:53,1,1,-
DA:54,0
FN:57,FertilizerPreMint.__mint
FNDA:0,FertilizerPreMint.__mint
DA:58,0
BRDA:58,2,0,-
BRDA:58,2,1,-
DA:59,0
FN:67,FertilizerPreMint.started
FNDA:0,FertilizerPreMint.started
DA:68,0
FN:71,FertilizerPreMint.start
FNDA:0,FertilizerPreMint.start
DA:72,0
FN:77,FertilizerPreMint.remaining
FNDA:0,FertilizerPreMint.remaining
DA:78,0
DA:79,0
BRDA:79,3,0,-
BRDA:79,3,1,-
DA:80,0
FN:83,FertilizerPreMint.getMintId
FNDA:0,FertilizerPreMint.getMintId
DA:84,0
FN:89,FertilizerPreMint.buy
FNDA:0,FertilizerPreMint.buy
DA:90,0
DA:91,0
DA:92,0
DA:102,0
FN:105,FertilizerPreMint.getUsdcOut
FNDA:0,FertilizerPreMint.getUsdcOut
DA:106,0
FN:115,FertilizerPreMint.getUsdcOutWithSlippage
FNDA:0,FertilizerPreMint.getUsdcOutWithSlippage
DA:116,0
FNF:11
FNH:0
LF:23
LH:0
BRF:8
BRH:0
end_of_record
TN:
SF:contracts/fertilizer/Internalizer.sol
FN:31,Internalizer.__Internallize_init
FNDA:0,Internalizer.__Internallize_init
DA:32,0
DA:33,0
DA:34,0
FN:41,Internalizer.uri
FNDA:0,Internalizer.uri
DA:42,0
FN:45,Internalizer.setURI
FNDA:0,Internalizer.setURI
DA:46,0
FN:49,Internalizer.name
FNDA:0,Internalizer.name
DA:50,0
FN:53,Internalizer.symbol
FNDA:0,Internalizer.symbol
DA:54,0
FN:57,Internalizer.balanceOf
FNDA:0,Internalizer.balanceOf
DA:58,0
BRDA:58,0,0,-
BRDA:58,0,1,-
DA:59,0
FN:62,Internalizer.lastBalanceOf
FNDA:0,Internalizer.lastBalanceOf
DA:63,0
BRDA:63,1,0,-
BRDA:63,1,1,-
DA:64,0
FN:67,Internalizer.lastBalanceOfBatch
FNDA:0,Internalizer.lastBalanceOfBatch
DA:68,0
DA:69,0
DA:70,0
FN:74,Internalizer._transfer
FNDA:0,Internalizer._transfer
DA:80,0
DA:81,0
BRDA:81,2,0,-
BRDA:81,2,1,-
DA:82,0
DA:83,0
BRDA:83,3,0,-
BRDA:83,3,1,-
DA:85,0
DA:87,0
FNF:9
FNH:0
LF:20
LH:0
BRF:8
BRH:0
end_of_record
TN:
SF:contracts/libraries/Convert/LibConvert.sol
FN:21,LibConvert.convert
FNDA:0,LibConvert.convert
DA:30,0
DA:32,0
BRDA:32,0,0,-
BRDA:32,0,1,-
DA:33,0
DA:35,0
BRDA:35,1,0,-
BRDA:35,1,1,-
DA:36,0
DA:38,0
BRDA:38,2,0,-
BRDA:38,2,1,-
DA:39,0
DA:41,0
BRDA:41,3,0,-
BRDA:41,3,1,-
DA:42,0
DA:45,0
FN:49,LibConvert.getMaxAmountIn
FNDA:0,LibConvert.getMaxAmountIn
DA:55,0
BRDA:55,4,0,-
BRDA:55,4,1,-
DA:56,0
DA:59,0
BRDA:59,5,0,-
BRDA:59,5,1,-
DA:60,0
DA:63,0
BRDA:63,6,0,-
BRDA:63,6,1,-
DA:64,0
DA:67,0
BRDA:67,7,0,-
BRDA:67,7,1,-
DA:68,0
DA:70,0
BRDA:70,8,0,-
BRDA:70,8,1,-
FN:73,LibConvert.getAmountOut
FNDA:0,LibConvert.getAmountOut
DA:79,0
BRDA:79,9,0,-
BRDA:79,9,1,-
DA:80,0
DA:83,0
BRDA:83,10,0,-
BRDA:83,10,1,-
DA:84,0
DA:87,0
BRDA:87,11,0,-
BRDA:87,11,1,-
DA:88,0
DA:91,0
BRDA:91,12,0,-
BRDA:91,12,1,-
DA:92,0
DA:94,0
BRDA:94,13,0,-
BRDA:94,13,1,-
FNF:3
FNH:0
LF:28
LH:0
BRF:28
BRH:0
end_of_record
TN:
SF:contracts/libraries/Convert/LibConvertData.sol
FN:23,LibConvertData.convertKind
FNDA:0,LibConvertData.convertKind
DA:28,0
FN:36,LibConvertData.basicConvert
FNDA:0,LibConvertData.basicConvert
DA:41,0
FN:48,LibConvertData.convertWithAddress
FNDA:0,LibConvertData.convertWithAddress
DA:57,0
FNF:3
FNH:0
LF:3
LH:0
BRF:0
BRH:0
end_of_record
TN:
SF:contracts/libraries/Convert/LibCurveConvert.sol
FN:23,LibCurveConvert.getBeansAtPeg
FNDA:0,LibCurveConvert.getBeansAtPeg
DA:28,0
BRDA:28,0,0,-
BRDA:28,0,1,-
DA:29,0
DA:30,0
FN:33,LibCurveConvert.beansToPeg
FNDA:0,LibCurveConvert.beansToPeg
DA:34,0
DA:35,0
DA:36,0
BRDA:36,1,0,-
BRDA:36,1,1,-
DA:37,0
FN:40,LibCurveConvert.lpToPeg
FNDA:0,LibCurveConvert.lpToPeg
DA:41,0
DA:42,0
DA:43,0
BRDA:43,2,0,-
BRDA:43,2,1,-
DA:44,0
FN:50,LibCurveConvert.getBeanAmountOut
FNDA:0,LibCurveConvert.getBeanAmountOut
DA:51,0
FN:57,LibCurveConvert.getLPAmountOut
FNDA:0,LibCurveConvert.getLPAmountOut
DA:58,0
FN:63,LibCurveConvert.convertLPToBeans
FNDA:0,LibCurveConvert.convertLPToBeans
DA:72,0
DA:74,0
DA:75,0
DA:76,0
FN:81,LibCurveConvert.convertBeansToLP
FNDA:0,LibCurveConvert.convertBeansToLP
DA:90,0
DA:92,0
DA:97,0
DA:98,0
FN:104,LibCurveConvert._curveSellToPegAndAddLiquidity
FNDA:0,LibCurveConvert._curveSellToPegAndAddLiquidity
DA:109,0
DA:110,0
BRDA:110,3,0,-
BRDA:110,3,1,-
DA:111,0
DA:112,0
FN:118,LibCurveConvert._curveRemoveLPAndBuyToPeg
FNDA:0,LibCurveConvert._curveRemoveLPAndBuyToPeg
DA:123,0
DA:124,0
BRDA:124,4,0,-
BRDA:124,4,1,-
DA:125,0
DA:126,0
FNF:9
FNH:0
LF:29
LH:0
BRF:10
BRH:0
end_of_record
TN:
SF:contracts/libraries/Convert/LibMetaCurveConvert.sol
FN:26,LibMetaCurveConvert.beansAtPeg
FNDA:0,LibMetaCurveConvert.beansAtPeg
DA:31,0
FN:34,LibMetaCurveConvert.lpToPeg
FNDA:0,LibMetaCurveConvert.lpToPeg
DA:35,0
DA:36,0
DA:37,0
DA:38,0
DA:39,0
DA:40,0
FN:43,LibMetaCurveConvert.calcLPTokenAmount
FNDA:0,LibMetaCurveConvert.calcLPTokenAmount
DA:44,0
DA:45,0
DA:46,0
DA:47,0
DA:48,0
FN:51,LibMetaCurveConvert.toPegWithFee
FNDA:0,LibMetaCurveConvert.toPegWithFee
DA:52,0
DA:53,0
DA:54,0
DA:56,0
DA:57,0
DA:58,0
DA:60,0
DA:61,0
DA:63,0
DA:64,0
DA:65,0
DA:66,0
DA:68,0
FNF:4
FNH:0
LF:25
LH:0
BRF:0
BRH:0
end_of_record
TN:
SF:contracts/libraries/Convert/LibPlainCurveConvert.sol
FN:21,LibPlainCurveConvert.beansAtPeg
FNDA:0,LibPlainCurveConvert.beansAtPeg
DA:27,0
DA:28,0
DA:30,0
DA:31,0
DA:32,0
DA:33,0
DA:36,0
DA:38,0
DA:39,0
DA:41,0
FN:62,LibPlainCurveConvert.getPlainPegBeansAtPeg
FNDA:0,LibPlainCurveConvert.getPlainPegBeansAtPeg
DA:70,0
DA:71,0
DA:72,0
DA:73,0
DA:75,0
DA:76,0
DA:77,0
DA:79,0
DA:80,0
DA:81,0
DA:82,0
DA:83,0
DA:89,0
DA:90,0
DA:91,0
DA:92,0
DA:93,0
DA:94,0
DA:95,0
BRDA:95,0,0,-
BRDA:95,0,1,-
DA:96,0
BRDA:96,1,0,-
BRDA:96,1,1,-
DA:97,0
BRDA:97,2,0,-
BRDA:97,2,1,-
DA:99,0
FN:102,LibPlainCurveConvert.getPlainRates
FNDA:0,LibPlainCurveConvert.getPlainRates
DA:107,0
FNF:3
FNH:0
LF:33
LH:0
BRF:6
BRH:0
end_of_record
TN:
SF:contracts/libraries/Convert/LibUnripeConvert.sol
FN:21,LibUnripeConvert.convertLPToBeans
FNDA:0,LibUnripeConvert.convertLPToBeans
DA:30,0
DA:31,0
DA:32,0
DA:34,0
DA:39,0
DA:42,0
DA:48,0
DA:49,0
DA:50,0
DA:52,0
DA:56,0
DA:57,0
FN:60,LibUnripeConvert.convertBeansToLP
FNDA:0,LibUnripeConvert.convertBeansToLP
DA:69,0
DA:70,0
DA:71,0
DA:73,0
DA:78,0
DA:81,0
DA:87,0
DA:88,0
DA:89,0
DA:91,0
DA:95,0
DA:96,0
FN:99,LibUnripeConvert.beansToPeg
FNDA:0,LibUnripeConvert.beansToPeg
DA:100,0
DA:103,0
FN:109,LibUnripeConvert.lpToPeg
FNDA:0,LibUnripeConvert.lpToPeg
DA:110,0
DA:113,0
FN:116,LibUnripeConvert.getLPAmountOut
FNDA:0,LibUnripeConvert.getLPAmountOut
DA:121,0
DA:125,0
DA:126,0
FN:132,LibUnripeConvert.getBeanAmountOut
FNDA:0,LibUnripeConvert.getBeanAmountOut
DA:137,0
DA:141,0
DA:142,0
FNF:6
FNH:0
LF:34
LH:0
BRF:0
BRH:0
end_of_record
TN:
SF:contracts/libraries/Curve/LibBeanLUSDCurve.sol
FN:27,LibBeanLUSDCurve.bdv
FNDA:0,LibBeanLUSDCurve.bdv
DA:28,0
DA:29,0
DA:30,0
BRDA:30,0,0,-
BRDA:30,0,1,-
DA:31,0
FN:34,LibBeanLUSDCurve.getRate
FNDA:0,LibBeanLUSDCurve.getRate
DA:35,0
DA:39,0
DA:43,0
FNF:2
FNH:0
LF:7
LH:0
BRF:2
BRH:0
end_of_record
TN:
SF:contracts/libraries/Curve/LibBeanMetaCurve.sol
FN:20,LibBeanMetaCurve.bdv
FNDA:0,LibBeanMetaCurve.bdv
DA:22,0
DA:23,0
DA:24,0
DA:25,0
DA:26,0
DA:27,0
DA:28,0
DA:29,0
DA:30,0
DA:31,0
FN:34,LibBeanMetaCurve.getDeltaB
FNDA:0,LibBeanMetaCurve.getDeltaB
DA:35,0
DA:36,0
DA:37,0
FN:40,LibBeanMetaCurve.getDFroms
FNDA:0,LibBeanMetaCurve.getDFroms
DA:45,0
FN:48,LibBeanMetaCurve.getXP
FNDA:0,LibBeanMetaCurve.getXP
DA:53,0
FN:56,LibBeanMetaCurve.getDeltaBWithD
FNDA:0,LibBeanMetaCurve.getDeltaBWithD
DA:61,0
DA:62,0
FN:65,LibBeanMetaCurve.getXP0
FNDA:0,LibBeanMetaCurve.getXP0
DA:70,0
FN:73,LibBeanMetaCurve.getX0
FNDA:0,LibBeanMetaCurve.getX0
DA:78,0
FNF:7
FNH:0
LF:19
LH:0
BRF:0
BRH:0
end_of_record
TN:
SF:contracts/libraries/Curve/LibCurve.sol
FN:19,LibCurve.getPrice
FNDA:0,LibCurve.getPrice
DA:25,0
DA:26,0
DA:27,0
DA:28,0
FN:31,LibCurve.getPrice
FNDA:0,LibCurve.getPrice
DA:37,0
DA:38,0
DA:39,0
DA:40,0
FN:43,LibCurve.getY
FNDA:0,LibCurve.getY
DA:50,0
DA:51,0
DA:52,0
DA:53,0
DA:54,0
DA:56,0
DA:57,0
BRDA:57,0,0,-
BRDA:57,0,1,-
DA:58,0
BRDA:58,1,0,-
BRDA:58,1,1,-
DA:59,0
DA:60,0
DA:61,0
DA:64,0
DA:65,0
DA:66,0
DA:68,0
DA:69,0
DA:70,0
DA:71,0
BRDA:71,2,0,-
BRDA:71,2,1,-
DA:72,0
BRDA:72,3,0,-
BRDA:72,3,1,-
DA:74,0
BRDA:74,4,0,-
BRDA:74,4,1,-
FN:77,LibCurve.getD
FNDA:0,LibCurve.getD
DA:83,0
DA:84,0
DA:85,0
DA:86,0
DA:88,0
BRDA:88,5,0,-
BRDA:88,5,1,-
DA:90,0
DA:91,0
DA:92,0
DA:93,0
DA:94,0
DA:95,0
DA:97,0
DA:98,0
DA:101,0
BRDA:101,6,0,-
BRDA:101,6,1,-
DA:102,0
BRDA:102,7,0,-
BRDA:102,7,1,-
DA:104,0
BRDA:104,8,0,-
BRDA:104,8,1,-
DA:105,0
FN:108,LibCurve.getYD
FNDA:0,LibCurve.getYD
DA:115,0
DA:116,0
DA:117,0
DA:118,0
DA:119,0
DA:121,0
DA:122,0
BRDA:122,9,0,-
BRDA:122,9,1,-
DA:123,0
DA:124,0
DA:125,0
DA:128,0
DA:129,0
DA:130,0
DA:132,0
DA:133,0
DA:134,0
DA:135,0
BRDA:135,10,0,-
BRDA:135,10,1,-
DA:136,0
BRDA:136,11,0,-
BRDA:136,11,1,-
DA:138,0
BRDA:138,12,0,-
BRDA:138,12,1,-
FN:141,LibCurve.getXP
FNDA:0,LibCurve.getXP
DA:146,0
DA:147,0
FN:150,LibCurve.getXP
FNDA:0,LibCurve.getXP
DA:155,0
DA:156,0
FNF:7
FNH:0
LF:68
LH:0
BRF:26
BRH:0
end_of_record
TN:
SF:contracts/libraries/Curve/LibMetaCurve.sol
FN:25,LibMetaCurve.price
FNDA:0,LibMetaCurve.price
DA:30,0
DA:31,0
DA:32,0
DA:33,0
DA:34,0
FN:37,LibMetaCurve.getXP
FNDA:0,LibMetaCurve.getXP
DA:42,0
FN:49,LibMetaCurve.getDFroms
FNDA:0,LibMetaCurve.getDFroms
DA:54,0
FNF:3
FNH:0
LF:7
LH:0
BRF:0
BRH:0
end_of_record
TN:
SF:contracts/libraries/Decimal.sol
FN:32,Decimal.zero
FNDA:0,Decimal.zero
DA:37,0
FN:40,Decimal.one
FNDA:0,Decimal.one
DA:45,0
FN:48,Decimal.from
FNDA:0,Decimal.from
DA:55,0
FN:58,Decimal.ratio
FNDA:0,Decimal.ratio
DA:66,0
FN:71,Decimal.add
FNDA:0,Decimal.add
DA:79,0
FN:82,Decimal.sub
FNDA:0,Decimal.sub
DA:90,0
FN:93,Decimal.sub
FNDA:0,Decimal.sub
DA:102,0
FN:105,Decimal.mul
FNDA:0,Decimal.mul
DA:113,0
FN:116,Decimal.div
FNDA:0,Decimal.div
DA:124,0
FN:127,Decimal.pow
FNDA:0,Decimal.pow
DA:135,0
BRDA:135,0,0,-
BRDA:135,0,1,-
DA:136,0
DA:139,0
DA:140,0
DA:141,0
DA:144,0
FN:147,Decimal.add
FNDA:0,Decimal.add
DA:155,0
FN:158,Decimal.sub
FNDA:0,Decimal.sub
DA:166,0
FN:169,Decimal.sub
FNDA:0,Decimal.sub
DA:178,0
FN:181,Decimal.mul
FNDA:0,Decimal.mul
DA:189,0
FN:192,Decimal.div
FNDA:0,Decimal.div
DA:200,0
FN:203,Decimal.equals
FNDA:0,Decimal.equals
DA:204,0
FN:207,Decimal.greaterThan
FNDA:0,Decimal.greaterThan
DA:208,0
FN:211,Decimal.lessThan
FNDA:0,Decimal.lessThan
DA:212,0
FN:215,Decimal.greaterThanOrEqualTo
FNDA:0,Decimal.greaterThanOrEqualTo
DA:216,0
FN:219,Decimal.lessThanOrEqualTo
FNDA:0,Decimal.lessThanOrEqualTo
DA:220,0
FN:223,Decimal.isZero
FNDA:0,Decimal.isZero
DA:224,0
FN:227,Decimal.asUint256
FNDA:0,Decimal.asUint256
DA:228,0
FN:233,Decimal.getPartial
FNDA:0,Decimal.getPartial
DA:242,0
FN:245,Decimal.compareTo
FNDA:0,Decimal.compareTo
DA:253,0
BRDA:253,1,0,-
BRDA:253,1,1,-
DA:254,0
DA:256,0
FNF:24
FNH:0
LF:31
LH:0
BRF:4
BRH:0
end_of_record
TN:
SF:contracts/libraries/LibAppStorage.sol
FN:16,LibAppStorage.diamondStorage
FNDA:0,LibAppStorage.diamondStorage
DA:18,0
FNF:1
FNH:0
LF:1
LH:0
BRF:0
BRH:0
end_of_record
TN:
SF:contracts/libraries/LibDiamond.sol
FN:44,LibDiamond.diamondStorage
FNDA:0,LibDiamond.diamondStorage
DA:45,0
DA:47,0
FN:53,LibDiamond.setContractOwner
FNDA:0,LibDiamond.setContractOwner
DA:54,0
DA:55,0
DA:56,0
DA:57,0
FN:60,LibDiamond.contractOwner
FNDA:0,LibDiamond.contractOwner
DA:61,0
FN:64,LibDiamond.enforceIsOwnerOrContract
FNDA:0,LibDiamond.enforceIsOwnerOrContract
DA:65,0
BRDA:65,0,0,-
BRDA:65,0,1,-
FN:70,LibDiamond.enforceIsContractOwner
FNDA:0,LibDiamond.enforceIsContractOwner
DA:71,0
BRDA:71,1,0,-
BRDA:71,1,1,-
FN:76,LibDiamond.addDiamondFunctions
FNDA:0,LibDiamond.addDiamondFunctions
DA:80,0
DA:81,0
DA:82,0
DA:83,0
DA:84,0
DA:85,0
DA:86,0
DA:87,0
DA:88,0
DA:89,0
DA:90,0
DA:95,0
FN:99,LibDiamond.diamondCut
FNDA:0,LibDiamond.diamondCut
DA:104,0
DA:105,0
DA:106,0
BRDA:106,2,0,-
BRDA:106,2,1,-
DA:107,0
DA:108,0
BRDA:108,3,0,-
BRDA:108,3,1,-
DA:109,0
DA:110,0
BRDA:110,4,0,-
BRDA:110,4,1,-
DA:111,0
DA:113,0
DA:116,0
DA:117,0
FN:120,LibDiamond.addFunctions
FNDA:0,LibDiamond.addFunctions
DA:121,0
BRDA:121,5,0,-
BRDA:121,5,1,-
DA:122,0
DA:123,0
BRDA:123,6,0,-
BRDA:123,6,1,-
DA:124,0
DA:126,0
BRDA:126,7,0,-
BRDA:126,7,1,-
DA:127,0
DA:129,0
DA:130,0
DA:131,0
DA:132,0
BRDA:132,8,0,-
BRDA:132,8,1,-
DA:133,0
DA:134,0
FN:138,LibDiamond.replaceFunctions
FNDA:0,LibDiamond.replaceFunctions
DA:139,0
BRDA:139,9,0,-
BRDA:139,9,1,-
DA:140,0
DA:141,0
BRDA:141,10,0,-
BRDA:141,10,1,-
DA:142,0
DA:144,0
BRDA:144,11,0,-
BRDA:144,11,1,-
DA:145,0
DA:147,0
DA:148,0
DA:149,0
DA:150,0
BRDA:150,12,0,-
BRDA:150,12,1,-
DA:151,0
DA:152,0
DA:153,0
FN:157,LibDiamond.removeFunctions
FNDA:0,LibDiamond.removeFunctions
DA:158,0
BRDA:158,13,0,-
BRDA:158,13,1,-
DA:159,0
DA:161,0
BRDA:161,14,0,-
BRDA:161,14,1,-
DA:162,0
DA:163,0
DA:164,0
DA:165,0
FN:169,LibDiamond.addFacet
FNDA:0,LibDiamond.addFacet
DA:170,0
DA:171,0
DA:172,0
FN:176,LibDiamond.addFunction
FNDA:0,LibDiamond.addFunction
DA:177,0
DA:178,0
DA:179,0
FN:182,LibDiamond.removeFunction
FNDA:0,LibDiamond.removeFunction
DA:183,0
BRDA:183,15,0,-
BRDA:183,15,1,-
DA:185,0
BRDA:185,16,0,-
BRDA:185,16,1,-
DA:187,0
DA:188,0
DA:190,0
BRDA:190,17,0,-
BRDA:190,17,1,-
DA:191,0
DA:192,0
DA:193,0
DA:196,0
DA:197,0
DA:200,0
BRDA:200,18,0,-
BRDA:200,18,1,-
DA:202,0
DA:203,0
DA:204,0
BRDA:204,19,0,-
BRDA:204,19,1,-
DA:205,0
DA:206,0
DA:207,0
DA:209,0
DA:210,0
FN:214,LibDiamond.initializeDiamondCut
FNDA:0,LibDiamond.initializeDiamondCut
DA:215,0
BRDA:215,20,0,-
BRDA:215,20,1,-
DA:216,0
BRDA:216,21,0,-
BRDA:216,21,1,-
DA:218,0
BRDA:218,22,0,-
BRDA:218,22,1,-
DA:219,0
BRDA:219,23,0,-
BRDA:219,23,1,-
DA:220,0
DA:222,0
DA:223,0
BRDA:223,24,0,-
BRDA:223,24,1,-
DA:224,0
BRDA:224,25,0,-
BRDA:224,25,1,-
DA:226,0
DA:228,0
FN:234,LibDiamond.enforceHasContractCode
FNDA:0,LibDiamond.enforceHasContractCode
DA:235,0
DA:237,0
DA:239,0
BRDA:239,26,0,-
BRDA:239,26,1,-
FNF:15
FNH:0
LF:102
LH:0
BRF:54
BRH:0
end_of_record
TN:
SF:contracts/libraries/LibDibbler.sol
FN:32,LibDibbler.sow
FNDA:0,LibDibbler.sow
DA:33,0
DA:35,0
DA:36,0
FN:39,LibDibbler.sowNoSoil
FNDA:0,LibDibbler.sowNoSoil
DA:43,0
DA:44,0
DA:45,0
DA:46,0
DA:47,0
DA:48,0
FN:51,LibDibbler.sowPlot
FNDA:0,LibDibbler.sowPlot
DA:56,0
DA:57,0
DA:58,0
FN:61,LibDibbler.beansToPods
FNDA:0,LibDibbler.beansToPods
DA:66,0
FN:69,LibDibbler.saveSowTime
FNDA:0,LibDibbler.saveSowTime
DA:70,0
DA:71,0
BRDA:71,0,0,-
BRDA:71,0,1,-
DA:72,0
FNF:5
FNH:0
LF:16
LH:0
BRF:2
BRH:0
end_of_record
TN:
SF:contracts/libraries/LibFertilizer.sol
FN:32,LibFertilizer.addFertilizer
FNDA:0,LibFertilizer.addFertilizer
DA:37,0
DA:38,0
DA:40,0
DA:41,0
DA:45,0
DA:47,0
DA:48,0
DA:50,0
DA:52,0
BRDA:52,0,0,-
BRDA:52,0,1,-
DA:54,0
DA:55,0
FN:58,LibFertilizer.getBpf
FNDA:0,LibFertilizer.getBpf
DA:59,0
FN:62,LibFertilizer.getHumidity
FNDA:0,LibFertilizer.getHumidity
DA:63,0
BRDA:63,1,0,-
BRDA:63,1,1,-
DA:64,0
BRDA:64,2,0,-
BRDA:64,2,1,-
DA:65,0
DA:66,0
FN:69,LibFertilizer.addUnderlying
FNDA:0,LibFertilizer.addUnderlying
DA:70,0
DA:72,0
DA:75,0
DA:76,0
BRDA:76,3,0,-
BRDA:76,3,1,-
DA:77,0
DA:80,0
DA:86,0
DA:90,0
DA:95,0
DA:101,0
DA:102,0
DA:104,0
FN:107,LibFertilizer.push
FNDA:0,LibFertilizer.push
DA:108,0
DA:109,0
BRDA:109,4,0,-
BRDA:109,4,1,-
DA:111,0
DA:112,0
DA:113,0
DA:114,0
BRDA:114,5,0,-
BRDA:114,5,1,-
DA:116,0
DA:117,0
DA:118,0
BRDA:118,6,0,-
BRDA:118,6,1,-
DA:120,0
DA:121,0
DA:124,0
DA:125,0
DA:127,0
DA:128,0
DA:129,0
DA:131,0
DA:132,0
FN:136,LibFertilizer.remainingRecapitalization
FNDA:0,LibFertilizer.remainingRecapitalization
DA:141,0
DA:142,0
DA:146,0
DA:147,0
BRDA:147,7,0,-
BRDA:147,7,1,-
DA:148,0
FN:151,LibFertilizer.pop
FNDA:0,LibFertilizer.pop
DA:152,0
DA:153,0
DA:154,0
DA:155,0
DA:156,0
BRDA:156,8,0,-
BRDA:156,8,1,-
DA:158,0
BRDA:158,9,0,-
BRDA:158,9,1,-
DA:159,0
DA:160,0
DA:161,0
DA:162,0
DA:164,0
DA:165,0
FN:168,LibFertilizer.getAmount
FNDA:0,LibFertilizer.getAmount
DA:169,0
DA:170,0
FN:173,LibFertilizer.getNext
FNDA:0,LibFertilizer.getNext
DA:174,0
DA:175,0
FN:178,LibFertilizer.setNext
FNDA:0,LibFertilizer.setNext
DA:179,0
DA:180,0
FNF:10
FNH:0
LF:69
LH:0
BRF:20
BRH:0
end_of_record
TN:
SF:contracts/libraries/LibIncentive.sol
FN:20,LibIncentive.fracExp
FNDA:0,LibIncentive.fracExp
DA:29,0
DA:32,0
DA:33,0
DA:34,0
DA:35,0
DA:36,0
DA:37,0
FN:44,LibIncentive.log_two
FNDA:0,LibIncentive.log_two
DA:47,0
DA:48,0
DA:49,0
DA:50,0
DA:51,0
DA:52,0
DA:53,0
DA:54,0
DA:55,0
DA:56,0
DA:98,0
DA:99,0
FNF:2
FNH:0
LF:19
LH:0
BRF:0
BRH:0
end_of_record
TN:
SF:contracts/libraries/LibInternal.sol
FN:20,LibInternal.updateSilo
FNDA:0,LibInternal.updateSilo
DA:21,0
DA:22,0
DA:24,0
DA:26,0
DA:29,0
DA:33,0
DA:34,0
BRDA:34,0,0,-
BRDA:34,0,1,-
FNF:1
FNH:0
LF:7
LH:0
BRF:2
BRH:0
end_of_record
TN:
SF:contracts/libraries/LibMath.sol
FN:19,LibMath.sqrt
FNDA:0,LibMath.sqrt
DA:20,0
DA:21,0
DA:22,0
DA:23,0
DA:24,0
FN:28,LibMath.nthRoot
FNDA:0,LibMath.nthRoot
DA:29,0
BRDA:29,0,0,-
BRDA:29,0,1,-
DA:30,0
BRDA:30,1,0,-
BRDA:30,1,1,-
DA:33,0
DA:35,0
DA:36,0
DA:37,0
DA:38,0
DA:39,0
DA:40,0
BRDA:40,2,0,-
BRDA:40,2,1,-
DA:41,0
DA:43,0
DA:47,0
FN:51,LibMath.calcEma
FNDA:0,LibMath.calcEma
DA:53,0
DA:54,0
BRDA:54,3,0,-
BRDA:54,3,1,-
DA:55,0
FNF:3
FNH:0
LF:20
LH:0
BRF:8
BRH:0
end_of_record
TN:
SF:contracts/libraries/LibOracle.sol
FN:24,LibOracle.oracleStorage
FNDA:0,LibOracle.oracleStorage
DA:25,0
DA:27,0
FN:31,LibOracle.oracle
FNDA:0,LibOracle.oracle
DA:32,0
FN:35,LibOracle.getPrice
FNDA:0,LibOracle.getPrice
DA:36,0
DA:37,0
DA:38,0
BRDA:38,0,0,-
BRDA:38,0,1,-
DA:39,0
BRDA:39,1,0,-
BRDA:39,1,1,-
DA:45,0
FN:49,LibOracle.registerOracle
FNDA:0,LibOracle.registerOracle
DA:50,0
DA:51,0
DA:52,0
DA:53,0
FN:56,LibOracle.getPriceIndex
FNDA:0,LibOracle.getPriceIndex
DA:58,0
FNF:5
FNH:0
LF:13
LH:0
BRF:4
BRH:0
end_of_record
TN:
SF:contracts/libraries/LibPRBMath.sol
FN:33,LibPRBMath.powu
FNDA:0,LibPRBMath.powu
DA:35,0
DA:38,0
DA:39,0
DA:42,0
BRDA:42,0,0,-
BRDA:42,0,1,-
DA:43,0
FN:48,LibPRBMath.mulDivFixedPoint
FNDA:0,LibPRBMath.mulDivFixedPoint
DA:49,0
DA:50,0
DA:53,0
DA:54,0
DA:57,0
BRDA:57,1,0,-
BRDA:57,1,1,-
DA:58,0
DA:61,0
DA:62,0
DA:64,0
DA:65,0
DA:68,0
BRDA:68,2,0,-
BRDA:68,2,1,-
DA:69,0
DA:70,0
DA:74,0
FNF:2
FNH:0
LF:19
LH:0
BRF:6
BRH:0
end_of_record
TN:
SF:contracts/libraries/LibSafeMath112.sol
FN:15,LibSafeMath112.tryAdd
FNDA:0,LibSafeMath112.tryAdd
DA:16,0
DA:17,0
BRDA:17,0,0,-
BRDA:17,0,1,-
DA:18,0
FN:26,LibSafeMath112.trySub
FNDA:0,LibSafeMath112.trySub
DA:27,0
BRDA:27,1,0,-
BRDA:27,1,1,-
DA:28,0
FN:36,LibSafeMath112.tryMul
FNDA:0,LibSafeMath112.tryMul
DA:40,0
BRDA:40,2,0,-
BRDA:40,2,1,-
DA:41,0
DA:42,0
BRDA:42,3,0,-
BRDA:42,3,1,-
DA:43,0
FN:51,LibSafeMath112.tryDiv
FNDA:0,LibSafeMath112.tryDiv
DA:52,0
BRDA:52,4,0,-
BRDA:52,4,1,-
DA:53,0
FN:61,LibSafeMath112.tryMod
FNDA:0,LibSafeMath112.tryMod
DA:62,0
BRDA:62,5,0,-
BRDA:62,5,1,-
DA:63,0
FN:76,LibSafeMath112.add
FNDA:0,LibSafeMath112.add
DA:77,0
DA:78,0
BRDA:78,6,0,-
BRDA:78,6,1,-
DA:79,0
FN:92,LibSafeMath112.sub
FNDA:0,LibSafeMath112.sub
DA:93,0
BRDA:93,7,0,-
BRDA:93,7,1,-
DA:94,0
FN:107,LibSafeMath112.mul
FNDA:0,LibSafeMath112.mul
DA:108,0
BRDA:108,8,0,-
BRDA:108,8,1,-
DA:109,0
DA:110,0
BRDA:110,9,0,-
BRDA:110,9,1,-
DA:111,0
FN:126,LibSafeMath112.div
FNDA:0,LibSafeMath112.div
DA:127,0
BRDA:127,10,0,-
BRDA:127,10,1,-
DA:128,0
FN:143,LibSafeMath112.mod
FNDA:0,LibSafeMath112.mod
DA:144,0
BRDA:144,11,0,-
BRDA:144,11,1,-
DA:145,0
FN:161,LibSafeMath112.sub
FNDA:0,LibSafeMath112.sub
DA:162,0
BRDA:162,12,0,-
BRDA:162,12,1,-
DA:163,0
FN:181,LibSafeMath112.div
FNDA:0,LibSafeMath112.div
DA:182,0
BRDA:182,13,0,-
BRDA:182,13,1,-
DA:183,0
FN:201,LibSafeMath112.mod
FNDA:0,LibSafeMath112.mod
DA:202,0
BRDA:202,14,0,-
BRDA:202,14,1,-
DA:203,0
FNF:13
FNH:0
LF:32
LH:0
BRF:30
BRH:0
end_of_record
TN:
SF:contracts/libraries/LibSafeMath128.sol
FN:15,LibSafeMath128.tryAdd
FNDA:0,LibSafeMath128.tryAdd
DA:16,0
DA:17,0
BRDA:17,0,0,-
BRDA:17,0,1,-
DA:18,0
FN:26,LibSafeMath128.trySub
FNDA:0,LibSafeMath128.trySub
DA:27,0
BRDA:27,1,0,-
BRDA:27,1,1,-
DA:28,0
FN:36,LibSafeMath128.tryMul
FNDA:0,LibSafeMath128.tryMul
DA:40,0
BRDA:40,2,0,-
BRDA:40,2,1,-
DA:41,0
DA:42,0
BRDA:42,3,0,-
BRDA:42,3,1,-
DA:43,0
FN:51,LibSafeMath128.tryDiv
FNDA:0,LibSafeMath128.tryDiv
DA:52,0
BRDA:52,4,0,-
BRDA:52,4,1,-
DA:53,0
FN:61,LibSafeMath128.tryMod
FNDA:0,LibSafeMath128.tryMod
DA:62,0
BRDA:62,5,0,-
BRDA:62,5,1,-
DA:63,0
FN:76,LibSafeMath128.add
FNDA:0,LibSafeMath128.add
DA:77,0
DA:78,0
BRDA:78,6,0,-
BRDA:78,6,1,-
DA:79,0
FN:92,LibSafeMath128.sub
FNDA:0,LibSafeMath128.sub
DA:93,0
BRDA:93,7,0,-
BRDA:93,7,1,-
DA:94,0
FN:107,LibSafeMath128.mul
FNDA:0,LibSafeMath128.mul
DA:108,0
BRDA:108,8,0,-
BRDA:108,8,1,-
DA:109,0
DA:110,0
BRDA:110,9,0,-
BRDA:110,9,1,-
DA:111,0
FN:126,LibSafeMath128.div
FNDA:0,LibSafeMath128.div
DA:127,0
BRDA:127,10,0,-
BRDA:127,10,1,-
DA:128,0
FN:143,LibSafeMath128.mod
FNDA:0,LibSafeMath128.mod
DA:144,0
BRDA:144,11,0,-
BRDA:144,11,1,-
DA:145,0
FN:161,LibSafeMath128.sub
FNDA:0,LibSafeMath128.sub
DA:162,0
BRDA:162,12,0,-
BRDA:162,12,1,-
DA:163,0
FN:181,LibSafeMath128.div
FNDA:0,LibSafeMath128.div
DA:182,0
BRDA:182,13,0,-
BRDA:182,13,1,-
DA:183,0
FN:201,LibSafeMath128.mod
FNDA:0,LibSafeMath128.mod
DA:202,0
BRDA:202,14,0,-
BRDA:202,14,1,-
DA:203,0
FNF:13
FNH:0
LF:32
LH:0
BRF:30
BRH:0
end_of_record
TN:
SF:contracts/libraries/LibSafeMath32.sol
FN:15,LibSafeMath32.tryAdd
FNDA:0,LibSafeMath32.tryAdd
DA:16,0
DA:17,0
BRDA:17,0,0,-
BRDA:17,0,1,-
DA:18,0
FN:26,LibSafeMath32.trySub
FNDA:0,LibSafeMath32.trySub
DA:27,0
BRDA:27,1,0,-
BRDA:27,1,1,-
DA:28,0
FN:36,LibSafeMath32.tryMul
FNDA:0,LibSafeMath32.tryMul
DA:40,0
BRDA:40,2,0,-
BRDA:40,2,1,-
DA:41,0
DA:42,0
BRDA:42,3,0,-
BRDA:42,3,1,-
DA:43,0
FN:51,LibSafeMath32.tryDiv
FNDA:0,LibSafeMath32.tryDiv
DA:52,0
BRDA:52,4,0,-
BRDA:52,4,1,-
DA:53,0
FN:61,LibSafeMath32.tryMod
FNDA:0,LibSafeMath32.tryMod
DA:62,0
BRDA:62,5,0,-
BRDA:62,5,1,-
DA:63,0
FN:76,LibSafeMath32.add
FNDA:0,LibSafeMath32.add
DA:77,0
DA:78,0
BRDA:78,6,0,-
BRDA:78,6,1,-
DA:79,0
FN:92,LibSafeMath32.sub
FNDA:0,LibSafeMath32.sub
DA:93,0
BRDA:93,7,0,-
BRDA:93,7,1,-
DA:94,0
FN:107,LibSafeMath32.mul
FNDA:0,LibSafeMath32.mul
DA:108,0
BRDA:108,8,0,-
BRDA:108,8,1,-
DA:109,0
DA:110,0
BRDA:110,9,0,-
BRDA:110,9,1,-
DA:111,0
FN:126,LibSafeMath32.div
FNDA:0,LibSafeMath32.div
DA:127,0
BRDA:127,10,0,-
BRDA:127,10,1,-
DA:128,0
FN:143,LibSafeMath32.mod
FNDA:0,LibSafeMath32.mod
DA:144,0
BRDA:144,11,0,-
BRDA:144,11,1,-
DA:145,0
FN:161,LibSafeMath32.sub
FNDA:0,LibSafeMath32.sub
DA:162,0
BRDA:162,12,0,-
BRDA:162,12,1,-
DA:163,0
FN:181,LibSafeMath32.div
FNDA:0,LibSafeMath32.div
DA:182,0
BRDA:182,13,0,-
BRDA:182,13,1,-
DA:183,0
FN:201,LibSafeMath32.mod
FNDA:0,LibSafeMath32.mod
DA:202,0
BRDA:202,14,0,-
BRDA:202,14,1,-
DA:203,0
FNF:13
FNH:0
LF:32
LH:0
BRF:30
BRH:0
end_of_record
TN:
SF:contracts/libraries/LibUnripe.sol
FN:24,LibUnripe.percentBeansRecapped
FNDA:0,LibUnripe.percentBeansRecapped
DA:25,0
DA:26,0
FN:32,LibUnripe.percentLPRecapped
FNDA:0,LibUnripe.percentLPRecapped
DA:33,0
DA:34,0
FN:40,LibUnripe.incrementUnderlying
FNDA:0,LibUnripe.incrementUnderlying
DA:41,0
DA:42,0
DA:45,0
FN:48,LibUnripe.decrementUnderlying
FNDA:0,LibUnripe.decrementUnderlying
DA:49,0
DA:50,0
DA:53,0
FN:56,LibUnripe.unripeToUnderlying
FNDA:0,LibUnripe.unripeToUnderlying
DA:61,0
DA:62,0
FN:67,LibUnripe.underlyingToUnripe
FNDA:0,LibUnripe.underlyingToUnripe
DA:72,0
DA:73,0
FN:78,LibUnripe.addUnderlying
FNDA:0,LibUnripe.addUnderlying
DA:79,0
DA:80,0
BRDA:80,0,0,-
BRDA:80,0,1,-
DA:81,0
DA:84,0
DA:86,0
FN:89,LibUnripe.removeUnderlying
FNDA:0,LibUnripe.removeUnderlying
DA:90,0
DA:91,0
BRDA:91,1,0,-
BRDA:91,1,1,-
DA:92,0
DA:95,0
DA:97,0
FNF:8
FNH:0
LF:24
LH:0
BRF:4
BRH:0
end_of_record
TN:
SF:contracts/libraries/Oracle/LibCurveOracle.sol
FN:36,LibCurveOracle.check
FNDA:0,LibCurveOracle.check
DA:37,0
DA:38,0
BRDA:38,0,0,-
BRDA:38,0,1,-
DA:39,0
DA:40,0
DA:43,0
DA:46,0
DA:48,0
FN:52,LibCurveOracle.capture
FNDA:0,LibCurveOracle.capture
DA:53,0
DA:54,0
BRDA:54,1,0,-
BRDA:54,1,1,-
DA:55,0
DA:58,0
DA:61,0
DA:63,0
DA:64,0
FN:68,LibCurveOracle.initializeOracle
FNDA:0,LibCurveOracle.initializeOracle
DA:69,0
DA:70,0
DA:71,0
DA:73,0
DA:74,0
BRDA:74,2,0,-
BRDA:74,2,1,-
DA:75,0
DA:76,0
FN:80,LibCurveOracle.updateOracle
FNDA:0,LibCurveOracle.updateOracle
DA:81,0
DA:82,0
DA:83,0
DA:84,0
FN:87,LibCurveOracle.twaDeltaB
FNDA:0,LibCurveOracle.twaDeltaB
DA:92,0
DA:93,0
DA:94,0
DA:95,0
FN:98,LibCurveOracle.twap
FNDA:0,LibCurveOracle.twap
DA:103,0
DA:104,0
DA:105,0
DA:107,0
DA:110,0
DA:114,0
DA:115,0
DA:117,0
DA:119,0
DA:120,0
FN:123,LibCurveOracle.get_cumulative
FNDA:0,LibCurveOracle.get_cumulative
DA:128,0
DA:129,0
DA:130,0
DA:132,0
DA:135,0
DA:138,0
FNF:7
FNH:0
LF:45
LH:0
BRF:6
BRH:0
end_of_record
TN:
SF:contracts/libraries/Silo/LibSilo.sol
FN:34,LibSilo.depositSiloAssets
FNDA:0,LibSilo.depositSiloAssets
DA:39,0
DA:40,0
FN:43,LibSilo.withdrawSiloAssets
FNDA:0,LibSilo.withdrawSiloAssets
DA:48,0
DA:49,0
FN:52,LibSilo.transferSiloAssets
FNDA:0,LibSilo.transferSiloAssets
DA:58,0
DA:59,0
FN:62,LibSilo.incrementBalanceOfSeeds
FNDA:0,LibSilo.incrementBalanceOfSeeds
DA:63,0
DA:64,0
DA:65,0
DA:66,0
FN:69,LibSilo.incrementBalanceOfStalk
FNDA:0,LibSilo.incrementBalanceOfStalk
DA:70,0
DA:71,0
DA:72,0
BRDA:72,0,0,-
BRDA:72,0,1,-
DA:73,0
DA:75,0
DA:76,0
DA:78,0
DA:79,0
DA:80,0
FN:83,LibSilo.decrementBalanceOfSeeds
FNDA:0,LibSilo.decrementBalanceOfSeeds
DA:84,0
DA:85,0
DA:86,0
DA:87,0
FN:90,LibSilo.decrementBalanceOfStalk
FNDA:0,LibSilo.decrementBalanceOfStalk
DA:91,0
DA:92,0
BRDA:92,1,0,-
BRDA:92,1,1,-
DA:94,0
DA:95,0
BRDA:95,2,0,-
BRDA:95,2,1,-
DA:97,0
DA:98,0
DA:100,0
DA:101,0
DA:103,0
BRDA:103,3,0,-
BRDA:103,3,1,-
DA:104,0
DA:105,0
DA:108,0
FN:111,LibSilo.transferSeeds
FNDA:0,LibSilo.transferSeeds
DA:116,0
DA:117,0
DA:118,0
FN:121,LibSilo.transferStalk
FNDA:0,LibSilo.transferStalk
DA:126,0
DA:127,0
DA:131,0
DA:132,0
DA:134,0
DA:135,0
FN:138,LibSilo.stalkReward
FNDA:0,LibSilo.stalkReward
DA:143,0
FNF:10
FNH:0
LF:45
LH:0
BRF:8
BRH:0
end_of_record
TN:
SF:contracts/libraries/Silo/LibTokenSilo.sol
FN:32,LibTokenSilo.deposit
FNDA:0,LibTokenSilo.deposit
DA:38,0
DA:39,0
FN:42,LibTokenSilo.depositWithBDV
FNDA:0,LibTokenSilo.depositWithBDV
DA:49,0
DA:50,0
BRDA:50,0,0,-
BRDA:50,0,1,-
DA:51,0
DA:52,0
DA:53,0
FN:56,LibTokenSilo.incrementDepositedToken
FNDA:0,LibTokenSilo.incrementDepositedToken
DA:57,0
DA:58,0
FN:63,LibTokenSilo.addDeposit
FNDA:0,LibTokenSilo.addDeposit
DA:70,0
DA:71,0
DA:72,0
DA:73,0
FN:76,LibTokenSilo.decrementDepositedToken
FNDA:0,LibTokenSilo.decrementDepositedToken
DA:77,0
DA:78,0
FN:87,LibTokenSilo.removeDeposit
FNDA:0,LibTokenSilo.removeDeposit
DA:93,0
DA:94,0
DA:95,0
DA:99,0
BRDA:99,1,0,-
BRDA:99,1,1,-
DA:100,0
DA:101,0
DA:104,0
DA:106,0
BRDA:106,2,0,-
BRDA:106,2,1,-
DA:110,0
DA:111,0
DA:112,0
DA:115,0
BRDA:115,3,0,-
BRDA:115,3,1,-
DA:117,0
BRDA:117,4,0,-
BRDA:117,4,1,-
DA:118,0
DA:119,0
BRDA:119,5,0,-
BRDA:119,5,1,-
DA:120,0
DA:128,0
BRDA:128,6,0,-
BRDA:128,6,1,-
DA:129,0
DA:133,0
FN:141,LibTokenSilo.tokenDeposit
FNDA:0,LibTokenSilo.tokenDeposit
DA:146,0
DA:147,0
BRDA:147,7,0,-
BRDA:147,7,1,-
DA:148,0
DA:149,0
BRDA:149,8,0,-
BRDA:149,8,1,-
DA:150,0
DA:151,0
FN:157,LibTokenSilo.beanDenominatedValue
FNDA:0,LibTokenSilo.beanDenominatedValue
DA:162,0
DA:163,0
DA:175,0
DA:178,0
BRDA:178,9,0,-
BRDA:178,9,1,-
DA:179,0
BRDA:179,10,0,-
BRDA:179,10,1,-
DA:185,0
FN:189,LibTokenSilo.tokenWithdrawal
FNDA:0,LibTokenSilo.tokenWithdrawal
DA:194,0
DA:195,0
FN:198,LibTokenSilo.seeds
FNDA:0,LibTokenSilo.seeds
DA:199,0
DA:200,0
FN:203,LibTokenSilo.stalk
FNDA:0,LibTokenSilo.stalk
DA:204,0
DA:205,0
FNF:11
FNH:0
LF:52
LH:0
BRF:22
BRH:0
end_of_record
TN:
SF:contracts/libraries/Silo/LibUnripeSilo.sol
FN:25,LibUnripeSilo.removeUnripeBeanDeposit
FNDA:0,LibUnripeSilo.removeUnripeBeanDeposit
DA:30,0
DA:31,0
FN:34,LibUnripeSilo._removeUnripeBeanDeposit
FNDA:0,LibUnripeSilo._removeUnripeBeanDeposit
DA:39,0
DA:40,0
FN:46,LibUnripeSilo.isUnripeBean
FNDA:0,LibUnripeSilo.isUnripeBean
DA:47,0
FN:50,LibUnripeSilo.unripeBeanDeposit
FNDA:0,LibUnripeSilo.unripeBeanDeposit
DA:55,0
DA:56,0
DA:57,0
DA:60,0
FN:64,LibUnripeSilo.removeUnripeLPDeposit
FNDA:0,LibUnripeSilo.removeUnripeLPDeposit
DA:69,0
DA:70,0
FN:73,LibUnripeSilo._removeUnripeLPDeposit
FNDA:0,LibUnripeSilo._removeUnripeLPDeposit
DA:78,0
DA:79,0
DA:80,0
BRDA:80,0,0,-
BRDA:80,0,1,-
DA:81,0
DA:84,0
DA:87,0
DA:88,0
DA:93,0
DA:95,0
DA:96,0
DA:97,0
DA:98,0
DA:100,0
DA:101,0
BRDA:101,1,0,-
BRDA:101,1,1,-
DA:102,0
DA:105,0
DA:106,0
DA:109,0
DA:110,0
DA:113,0
DA:115,0
DA:116,0
DA:117,0
DA:119,0
DA:120,0
BRDA:120,2,0,-
BRDA:120,2,1,-
DA:121,0
DA:124,0
DA:125,0
DA:128,0
DA:129,0
DA:132,0
DA:134,0
FN:137,LibUnripeSilo.isUnripeLP
FNDA:0,LibUnripeSilo.isUnripeLP
DA:138,0
FN:141,LibUnripeSilo.unripeLPDeposit
FNDA:0,LibUnripeSilo.unripeLPDeposit
DA:146,0
DA:147,0
DA:148,0
DA:149,0
DA:151,0
DA:155,0
DA:158,0
FN:162,LibUnripeSilo.getBeanEthUnripeLP
FNDA:0,LibUnripeSilo.getBeanEthUnripeLP
DA:167,0
DA:168,0
DA:169,0
FN:177,LibUnripeSilo.getBeanLusdUnripeLP
FNDA:0,LibUnripeSilo.getBeanLusdUnripeLP
DA:182,0
DA:183,0
DA:184,0
FN:189,LibUnripeSilo.getBean3CrvUnripeLP
FNDA:0,LibUnripeSilo.getBean3CrvUnripeLP
DA:194,0
DA:195,0
DA:196,0
FNF:11
FNH:0
LF:60
LH:0
BRF:6
BRH:0
end_of_record
TN:
SF:contracts/libraries/Silo/LibWhitelist.sol
FN:45,LibWhitelist.whitelistPools
FNDA:0,LibWhitelist.whitelistPools
DA:46,0
DA:47,0
DA:48,0
DA:49,0
FN:52,LibWhitelist.whitelistBean3Crv
FNDA:0,LibWhitelist.whitelistBean3Crv
DA:53,0
FN:61,LibWhitelist.whitelistBean
FNDA:0,LibWhitelist.whitelistBean
DA:62,0
FN:70,LibWhitelist.whitelistUnripeBean
FNDA:0,LibWhitelist.whitelistUnripeBean
DA:71,0
FN:79,LibWhitelist.whitelistUnripeLP
FNDA:0,LibWhitelist.whitelistUnripeLP
DA:80,0
FN:88,LibWhitelist.dewhitelistToken
FNDA:0,LibWhitelist.dewhitelistToken
DA:89,0
DA:90,0
DA:91,0
FN:94,LibWhitelist.whitelistTokenWithData
FNDA:0,LibWhitelist.whitelistTokenWithData
DA:102,0
BRDA:102,0,0,-
BRDA:102,0,1,-
DA:103,0
DA:104,0
DA:105,0
DA:107,0
FN:110,LibWhitelist.whitelistToken
FNDA:0,LibWhitelist.whitelistToken
DA:116,0
DA:117,0
DA:118,0
DA:119,0
DA:121,0
FNF:8
FNH:0
LF:21
LH:0
BRF:2
BRH:0
end_of_record
TN:
SF:contracts/libraries/Token/LibApprove.sol
FN:18,LibApprove.approveToken
FNDA:0,LibApprove.approveToken
DA:23,0
BRDA:23,0,0,-
BRDA:23,0,1,-
DA:24,0
DA:25,0
FNF:1
FNH:0
LF:3
LH:0
BRF:2
BRH:0
end_of_record
TN:
SF:contracts/libraries/Token/LibBalance.sol
FN:35,LibBalance.getBalance
FNDA:0,LibBalance.getBalance
DA:40,0
DA:43,0
FN:49,LibBalance.increaseInternalBalance
FNDA:0,LibBalance.increaseInternalBalance
DA:54,0
DA:55,0
DA:56,0
FN:64,LibBalance.decreaseInternalBalance
FNDA:0,LibBalance.decreaseInternalBalance
DA:70,0
DA:71,0
BRDA:71,0,0,-
BRDA:71,0,1,-
DA:76,0
DA:79,0
DA:80,0
FN:90,LibBalance.setInternalBalance
FNDA:0,LibBalance.setInternalBalance
DA:96,0
DA:97,0
DA:98,0
FN:104,LibBalance.getInternalBalance
FNDA:0,LibBalance.getInternalBalance
DA:109,0
DA:110,0
FNF:5
FNH:0
LF:15
LH:0
BRF:2
BRH:0
end_of_record
TN:
SF:contracts/libraries/Token/LibEth.sol
FN:16,LibEth.refundEth
FNDA:0,LibEth.refundEth
DA:19,0
DA:20,0
BRDA:20,0,0,-
BRDA:20,0,1,-
DA:21,0
DA:24,0
BRDA:24,1,0,-
BRDA:24,1,1,-
FNF:1
FNH:0
LF:4
LH:0
BRF:4
BRH:0
end_of_record
TN:
SF:contracts/libraries/Token/LibTransfer.sol
FN:31,LibTransfer.transferToken
FNDA:0,LibTransfer.transferToken
DA:38,0
BRDA:38,0,0,-
BRDA:38,0,1,-
DA:39,0
DA:40,0
DA:41,0
DA:43,0
DA:44,0
DA:45,0
FN:48,LibTransfer.receiveToken
FNDA:0,LibTransfer.receiveToken
DA:54,0
BRDA:54,1,0,-
BRDA:54,1,1,-
DA:55,0
BRDA:55,2,0,-
BRDA:55,2,1,-
DA:56,0
DA:62,0
BRDA:62,3,0,-
BRDA:62,3,1,-
DA:63,0
DA:65,0
DA:66,0
DA:67,0
FN:70,LibTransfer.sendToken
FNDA:0,LibTransfer.sendToken
DA:76,0
BRDA:76,4,0,-
BRDA:76,4,1,-
DA:77,0
BRDA:77,5,0,-
BRDA:77,5,1,-
DA:78,0
DA:79,0
FN:82,LibTransfer.burnToken
FNDA:0,LibTransfer.burnToken
DA:91,0
BRDA:91,6,0,-
BRDA:91,6,1,-
DA:92,0
DA:93,0
DA:95,0
DA:96,0
FN:100,LibTransfer.mintToken
FNDA:0,LibTransfer.mintToken
DA:106,0
BRDA:106,7,0,-
BRDA:106,7,1,-
DA:107,0
DA:109,0
DA:110,0
FNF:5
FNH:0
LF:28
LH:0
BRF:16
BRH:0
end_of_record
TN:
SF:contracts/libraries/Token/LibWeth.sol
FN:19,LibWeth.wrap
FNDA:0,LibWeth.wrap
DA:20,0
DA:21,0
FN:24,LibWeth.unwrap
FNDA:0,LibWeth.unwrap
DA:25,0
DA:26,0
DA:27,0
DA:28,0
BRDA:28,0,0,-
BRDA:28,0,1,-
FN:31,LibWeth.deposit
FNDA:0,LibWeth.deposit
DA:32,0
FN:35,LibWeth.withdraw
FNDA:0,LibWeth.withdraw
DA:36,0
FNF:4
FNH:0
LF:8
LH:0
BRF:2
BRH:0
end_of_record
TN:
SF:contracts/libraries/Well/Balance/LibWell2.sol
FN:23,LibWell2.setBalances
FNDA:0,LibWell2.setBalances
DA:24,0
FN:27,LibWell2.getWellState
FNDA:0,LibWell2.getWellState
DA:28,0
FN:31,LibWell2.getCumulativeBalances
FNDA:0,LibWell2.getCumulativeBalances
DA:32,0
FN:35,LibWell2.getBalances
FNDA:0,LibWell2.getBalances
DA:36,0
DA:37,0
FN:40,LibWell2.getBalance
FNDA:0,LibWell2.getBalance
DA:41,0
DA:42,0
FN:45,LibWell2.getEmaBalances
FNDA:0,LibWell2.getEmaBalances
DA:46,0
DA:47,0
FN:50,LibWell2.getEmaBalance
FNDA:0,LibWell2.getEmaBalance
DA:51,0
DA:52,0
FN:59,LibWell2.setB2
FNDA:0,LibWell2.setB2
DA:60,0
DA:61,0
DA:62,0
BRDA:62,0,0,-
BRDA:62,0,1,-
DA:65,0
DA:66,0
DA:67,0
DA:70,0
DA:71,0
DA:72,0
DA:74,0
DA:75,0
FN:78,LibWell2.getBalancesFromB2
FNDA:0,LibWell2.getBalancesFromB2
DA:79,0
DA:80,0
DA:81,0
FN:84,LibWell2.getCumulativeBalancesFromB2
FNDA:0,LibWell2.getCumulativeBalancesFromB2
DA:85,0
DA:86,0
DA:87,0
DA:88,0
FN:91,LibWell2.getBalancesStructFromB2
FNDA:0,LibWell2.getBalancesStructFromB2
DA:92,0
DA:93,0
DA:94,0
FNF:11
FNH:0
LF:32
LH:0
BRF:2
BRH:0
end_of_record
TN:
SF:contracts/libraries/Well/Balance/LibWellBalance.sol
FN:25,LibWellBalance.setBalances
FNDA:0,LibWellBalance.setBalances
DA:26,0
BRDA:26,0,0,-
BRDA:26,0,1,-
DA:27,0
FN:30,LibWellBalance.getBalancesWithHash
FNDA:0,LibWellBalance.getBalancesWithHash
DA:31,0
FN:36,LibWellBalance.getBalancesFromHash
FNDA:0,LibWellBalance.getBalancesFromHash
DA:37,0
BRDA:37,1,0,-
BRDA:37,1,1,-
DA:38,0
FN:41,LibWellBalance.getCumulativeBalancesFromHash
FNDA:0,LibWellBalance.getCumulativeBalancesFromHash
DA:42,0
BRDA:42,2,0,-
BRDA:42,2,1,-
DA:43,0
FN:46,LibWellBalance.getEmaBalancesFromHash
FNDA:0,LibWellBalance.getEmaBalancesFromHash
DA:47,0
BRDA:47,3,0,-
BRDA:47,3,1,-
DA:48,0
FN:51,LibWellBalance.getWellStateFromHash
FNDA:0,LibWellBalance.getWellStateFromHash
DA:52,0
BRDA:52,4,0,-
BRDA:52,4,1,-
DA:53,0
FN:58,LibWellBalance.getBalances
FNDA:0,LibWellBalance.getBalances
DA:59,0
DA:60,0
FN:63,LibWellBalance.getCumulativeBalances
FNDA:0,LibWellBalance.getCumulativeBalances
DA:64,0
DA:65,0
FN:68,LibWellBalance.getEmaBalances
FNDA:0,LibWellBalance.getEmaBalances
DA:69,0
DA:70,0
FN:73,LibWellBalance.getWellState
FNDA:0,LibWellBalance.getWellState
DA:74,0
DA:75,0
FN:80,LibWellBalance.getBalancesFromId
FNDA:0,LibWellBalance.getBalancesFromId
DA:81,0
DA:82,0
DA:83,0
FN:86,LibWellBalance.getCumulativeBalancesFromId
FNDA:0,LibWellBalance.getCumulativeBalancesFromId
DA:87,0
DA:88,0
DA:89,0
FN:92,LibWellBalance.getEmaBalancesFromId
FNDA:0,LibWellBalance.getEmaBalancesFromId
DA:93,0
DA:94,0
DA:95,0
FN:98,LibWellBalance.getWellStateFromId
FNDA:0,LibWellBalance.getWellStateFromId
DA:99,0
DA:100,0
DA:101,0
FNF:14
FNH:0
LF:31
LH:0
BRF:10
BRH:0
end_of_record
TN:
SF:contracts/libraries/Well/Balance/LibWellN.sol
FN:23,LibWellN.setBalances
FNDA:0,LibWellN.setBalances
DA:24,0
FN:27,LibWellN.getWellState
FNDA:0,LibWellN.getWellState
DA:28,0
FN:31,LibWellN.getCumulativeBalances
FNDA:0,LibWellN.getCumulativeBalances
DA:32,0
FN:35,LibWellN.getBalances
FNDA:0,LibWellN.getBalances
DA:36,0
DA:37,0
FN:40,LibWellN.getBalance
FNDA:0,LibWellN.getBalance
DA:41,0
DA:42,0
FN:45,LibWellN.getEmaBalances
FNDA:0,LibWellN.getEmaBalances
DA:46,0
DA:47,0
FN:50,LibWellN.getEmaBalance
FNDA:0,LibWellN.getEmaBalance
DA:51,0
DA:52,0
FN:55,LibWellN.setBN
FNDA:0,LibWellN.setBN
DA:56,0
DA:57,0
DA:58,0
BRDA:58,0,0,-
BRDA:58,0,1,-
DA:61,0
DA:62,0
DA:64,0
DA:65,0
DA:66,0
DA:67,0
DA:69,0
DA:70,0
DA:71,0
DA:73,0
FN:76,LibWellN.getBalancesFromBN
FNDA:0,LibWellN.getBalancesFromBN
DA:77,0
DA:78,0
[...]
FN:192,MockMeta3Curve.add_liquidity
FNDA:0,MockMeta3Curve.add_liquidity
DA:193,0
FN:196,MockMeta3Curve.add_liquidity
FNDA:0,MockMeta3Curve.add_liquidity
DA:197,0
DA:198,0
DA:199,0
DA:200,0
DA:202,0
DA:203,0
DA:204,0
DA:206,0
DA:207,0
DA:208,0
DA:209,0
BRDA:209,1,0,-
BRDA:209,1,1,-
DA:210,0
BRDA:210,2,0,-
BRDA:210,2,1,-
DA:211,0
DA:214,0
DA:215,0
BRDA:215,3,0,-
BRDA:215,3,1,-
DA:217,0
DA:218,0
DA:219,0
BRDA:219,4,0,-
BRDA:219,4,1,-
DA:220,0
DA:221,0
DA:222,0
DA:223,0
DA:224,0
DA:225,0
BRDA:225,5,0,-
BRDA:225,5,1,-
DA:226,0
DA:227,0
DA:228,0
DA:229,0
DA:231,0
DA:232,0
DA:234,0
DA:235,0
DA:238,0
BRDA:238,6,0,-
BRDA:238,6,1,-
DA:240,0
DA:241,0
DA:242,0
BRDA:242,7,0,-
BRDA:242,7,1,-
DA:243,0
DA:246,0
DA:247,0
DA:248,0
DA:250,0
FN:253,MockMeta3Curve.remove_liquidity
FNDA:0,MockMeta3Curve.remove_liquidity
DA:257,0
FN:260,MockMeta3Curve.remove_liquidity
FNDA:0,MockMeta3Curve.remove_liquidity
DA:265,0
DA:267,0
DA:268,0
DA:269,0
DA:270,0
BRDA:270,8,0,-
BRDA:270,8,1,-
DA:271,0
DA:272,0
DA:273,0
DA:276,0
DA:277,0
DA:279,0
FN:282,MockMeta3Curve.remove_liquidity_imbalance
FNDA:0,MockMeta3Curve.remove_liquidity_imbalance
DA:286,0
FN:289,MockMeta3Curve.remove_liquidity_imbalance
FNDA:0,MockMeta3Curve.remove_liquidity_imbalance
DA:294,0
DA:296,0
DA:297,0
DA:298,0
DA:299,0
DA:301,0
DA:302,0
DA:303,0
DA:305,0
DA:307,0
DA:308,0
DA:309,0
DA:310,0
DA:311,0
DA:312,0
DA:313,0
BRDA:313,9,0,-
BRDA:313,9,1,-
DA:314,0
DA:316,0
DA:317,0
DA:318,0
DA:319,0
DA:322,0
DA:324,0
DA:325,0
BRDA:325,10,0,-
BRDA:325,10,1,-
DA:326,0
BRDA:326,11,0,-
BRDA:326,11,1,-
DA:328,0
DA:329,0
DA:331,0
DA:332,0
DA:333,0
BRDA:333,12,0,-
BRDA:333,12,1,-
DA:334,0
DA:337,0
FN:340,MockMeta3Curve.remove_liquidity_one_coin
FNDA:0,MockMeta3Curve.remove_liquidity_one_coin
DA:345,0
FN:354,MockMeta3Curve.remove_liquidity_one_coin
FNDA:0,MockMeta3Curve.remove_liquidity_one_coin
DA:360,0
DA:361,0
DA:362,0
DA:363,0
BRDA:363,13,0,-
BRDA:363,13,1,-
DA:365,0
DA:366,0
DA:367,0
DA:368,0
DA:370,0
FN:373,MockMeta3Curve._calc_withdraw_one_coin
FNDA:0,MockMeta3Curve._calc_withdraw_one_coin
DA:377,0
DA:378,0
DA:379,0
DA:380,0
DA:381,0
DA:383,0
DA:384,0
DA:385,0
DA:387,0
DA:388,0
DA:390,0
DA:391,0
DA:392,0
DA:393,0
BRDA:393,14,0,-
BRDA:393,14,1,-
DA:394,0
DA:395,0
DA:398,0
DA:399,0
DA:400,0
DA:402,0
FN:405,MockMeta3Curve.calc_withdraw_one_coin
FNDA:0,MockMeta3Curve.calc_withdraw_one_coin
DA:406,0
FN:409,MockMeta3Curve._xp_mem
FNDA:0,MockMeta3Curve._xp_mem
DA:410,0
DA:411,0
FN:415,MockMeta3Curve.get_D
FNDA:0,MockMeta3Curve.get_D
DA:417,0
DA:418,0
DA:419,0
DA:420,0
DA:422,0
BRDA:422,15,0,-
BRDA:422,15,1,-
DA:424,0
DA:425,0
DA:426,0
DA:427,0
DA:428,0
DA:429,0
DA:431,0
DA:432,0
DA:433,0
BRDA:433,16,0,-
BRDA:433,16,1,-
DA:434,0
BRDA:434,17,0,-
BRDA:434,17,1,-
DA:436,0
BRDA:436,18,0,-
BRDA:436,18,1,-
DA:437,0
FN:440,MockMeta3Curve.get_y_D
FNDA:0,MockMeta3Curve.get_y_D
DA:450,0
BRDA:450,19,0,-
BRDA:450,19,1,-
DA:451,0
BRDA:451,20,0,-
BRDA:451,20,1,-
DA:453,0
DA:454,0
DA:455,0
DA:456,0
DA:457,0
DA:459,0
DA:460,0
BRDA:460,21,0,-
BRDA:460,21,1,-
DA:461,0
DA:462,0
DA:463,0
DA:466,0
DA:467,0
DA:468,0
DA:470,0
DA:471,0
DA:472,0
DA:474,0
BRDA:474,22,0,-
BRDA:474,22,1,-
DA:475,0
BRDA:475,23,0,-
BRDA:475,23,1,-
DA:478,0
BRDA:478,24,0,-
BRDA:478,24,1,-
DA:481,0
BRDA:481,25,0,-
BRDA:481,25,1,-
FN:484,MockMeta3Curve.get_y
FNDA:0,MockMeta3Curve.get_y
DA:486,0
BRDA:486,26,0,-
BRDA:486,26,1,-
DA:487,0
BRDA:487,27,0,-
BRDA:487,27,1,-
DA:488,0
BRDA:488,28,0,-
BRDA:488,28,1,-
DA:490,0
BRDA:490,29,0,-
BRDA:490,29,1,-
DA:491,0
BRDA:491,30,0,-
BRDA:491,30,1,-
DA:493,0
DA:494,0
DA:495,0
DA:496,0
DA:497,0
DA:498,0
DA:499,0
DA:501,0
DA:502,0
BRDA:502,31,0,-
BRDA:502,31,1,-
DA:503,0
BRDA:503,32,0,-
BRDA:503,32,1,-
DA:504,0
DA:505,0
DA:506,0
DA:509,0
DA:510,0
DA:511,0
DA:513,0
DA:514,0
DA:515,0
DA:516,0
BRDA:516,33,0,-
BRDA:516,33,1,-
DA:517,0
BRDA:517,34,0,-
BRDA:517,34,1,-
DA:519,0
BRDA:519,35,0,-
BRDA:519,35,1,-
FN:521,MockMeta3Curve.calc_token_amount
FNDA:0,MockMeta3Curve.calc_token_amount
DA:522,0
DA:524,0
DA:525,0
DA:526,0
BRDA:526,36,0,-
BRDA:526,36,1,-
DA:527,0
DA:529,0
DA:530,0
DA:531,0
BRDA:531,37,0,-
BRDA:531,37,1,-
DA:532,0
DA:533,0
FN:536,MockMeta3Curve.get_D_mem
FNDA:0,MockMeta3Curve.get_D_mem
DA:537,0
DA:538,0
FN:548,MockMeta3Curve.decimals
FNDA:0,MockMeta3Curve.decimals
DA:549,0
FN:555,MockMeta3Curve.totalSupply
FNDA:0,MockMeta3Curve.totalSupply
DA:556,0
FN:562,MockMeta3Curve.balanceOf
FNDA:0,MockMeta3Curve.balanceOf
DA:563,0
FN:574,MockMeta3Curve.transfer
FNDA:0,MockMeta3Curve.transfer
DA:575,0
DA:576,0
FN:582,MockMeta3Curve.allowance
FNDA:0,MockMeta3Curve.allowance
DA:583,0
FN:593,MockMeta3Curve.approve
FNDA:0,MockMeta3Curve.approve
DA:594,0
DA:595,0
FN:610,MockMeta3Curve.transferFrom
FNDA:0,MockMeta3Curve.transferFrom
DA:611,0
DA:612,0
DA:613,0
FN:628,MockMeta3Curve.increaseAllowance
FNDA:0,MockMeta3Curve.increaseAllowance
DA:629,0
DA:630,0
FN:647,MockMeta3Curve.decreaseAllowance
FNDA:0,MockMeta3Curve.decreaseAllowance
DA:648,0
DA:649,0
FN:666,MockMeta3Curve._transfer
FNDA:0,MockMeta3Curve._transfer
DA:667,0
BRDA:667,38,0,-
BRDA:667,38,1,-
DA:668,0
BRDA:668,39,0,-
BRDA:668,39,1,-
DA:670,0
DA:671,0
DA:672,0
FN:688,MockMeta3Curve._approve
FNDA:0,MockMeta3Curve._approve
DA:689,0
BRDA:689,40,0,-
BRDA:689,40,1,-
DA:690,0
BRDA:690,41,0,-
BRDA:690,41,1,-
DA:692,0
DA:693,0
FNF:44
FNH:0
LF:266
LH:0
BRF:84
BRH:0
end_of_record
TN:
SF:contracts/mocks/curve/MockPlainCurve.sol
FN:54,MockPlainCurve.init
FNDA:0,MockPlainCurve.init
DA:55,0
DA:56,0
DA:57,0
FN:64,MockPlainCurve.A_precise
FNDA:0,MockPlainCurve.A_precise
DA:65,0
FN:68,MockPlainCurve.get_balances
FNDA:0,MockPlainCurve.get_balances
DA:69,0
FN:72,MockPlainCurve.get_previous_balances
FNDA:0,MockPlainCurve.get_previous_balances
DA:73,0
FN:76,MockPlainCurve.get_virtual_price
FNDA:0,MockPlainCurve.get_virtual_price
DA:77,0
FN:83,MockPlainCurve.set_A_precise
FNDA:0,MockPlainCurve.set_A_precise
DA:84,0
FN:87,MockPlainCurve.set_balances
FNDA:0,MockPlainCurve.set_balances
DA:88,0
DA:89,0
FN:92,MockPlainCurve.set_supply
FNDA:0,MockPlainCurve.set_supply
DA:93,0
FN:96,MockPlainCurve.set_virtual_price
FNDA:0,MockPlainCurve.set_virtual_price
DA:97,0
FN:102,MockPlainCurve.update
FNDA:0,MockPlainCurve.update
DA:103,0
DA:104,0
FN:107,MockPlainCurve._update
FNDA:0,MockPlainCurve._update
DA:108,0
DA:109,0
DA:110,0
FN:113,MockPlainCurve.reset_cumulative
FNDA:0,MockPlainCurve.reset_cumulative
DA:114,0
DA:115,0
FN:118,MockPlainCurve.get_price_cumulative_last
FNDA:0,MockPlainCurve.get_price_cumulative_last
DA:119,0
FN:122,MockPlainCurve.block_timestamp_last
FNDA:0,MockPlainCurve.block_timestamp_last
DA:123,0
FN:126,MockPlainCurve.reset
FNDA:0,MockPlainCurve.reset
DA:127,0
DA:128,0
DA:129,0
DA:130,0
DA:131,0
FN:137,MockPlainCurve.add_liquidity
FNDA:0,MockPlainCurve.add_liquidity
DA:138,0
DA:139,0
DA:140,0
DA:141,0
DA:143,0
DA:144,0
DA:145,0
DA:147,0
DA:148,0
DA:149,0
DA:150,0
BRDA:150,0,0,-
BRDA:150,0,1,-
DA:151,0
BRDA:151,1,0,-
BRDA:151,1,1,-
DA:152,0
DA:155,0
DA:157,0
BRDA:157,2,0,-
BRDA:157,2,1,-
DA:159,0
DA:160,0
DA:161,0
BRDA:161,3,0,-
BRDA:161,3,1,-
DA:162,0
DA:163,0
DA:164,0
DA:165,0
DA:166,0
DA:167,0
BRDA:167,4,0,-
BRDA:167,4,1,-
DA:168,0
DA:169,0
DA:170,0
DA:171,0
DA:173,0
DA:174,0
DA:176,0
DA:177,0
DA:180,0
BRDA:180,5,0,-
BRDA:180,5,1,-
DA:182,0
DA:183,0
DA:184,0
BRDA:184,6,0,-
BRDA:184,6,1,-
DA:185,0
DA:188,0
DA:189,0
DA:190,0
DA:192,0
FN:201,MockPlainCurve.remove_liquidity_one_coin
FNDA:0,MockPlainCurve.remove_liquidity_one_coin
DA:206,0
DA:207,0
DA:208,0
DA:209,0
BRDA:209,7,0,-
BRDA:209,7,1,-
DA:211,0
DA:212,0
DA:213,0
DA:214,0
DA:216,0
FN:219,MockPlainCurve._calc_withdraw_one_coin
FNDA:0,MockPlainCurve._calc_withdraw_one_coin
DA:223,0
DA:224,0
DA:225,0
DA:226,0
DA:227,0
DA:229,0
DA:230,0
DA:231,0
DA:233,0
DA:234,0
DA:236,0
DA:237,0
DA:238,0
DA:239,0
BRDA:239,8,0,-
BRDA:239,8,1,-
DA:240,0
DA:241,0
DA:244,0
DA:245,0
DA:246,0
DA:248,0
FN:266,MockPlainCurve._xp_mem
FNDA:0,MockPlainCurve._xp_mem
DA:267,0
DA:268,0
FN:272,MockPlainCurve.get_D
FNDA:0,MockPlainCurve.get_D
DA:274,0
DA:275,0
DA:276,0
DA:277,0
DA:279,0
BRDA:279,9,0,-
BRDA:279,9,1,-
DA:281,0
DA:282,0
DA:283,0
DA:284,0
DA:285,0
DA:286,0
DA:288,0
DA:289,0
DA:290,0
BRDA:290,10,0,-
BRDA:290,10,1,-
DA:291,0
BRDA:291,11,0,-
BRDA:291,11,1,-
DA:293,0
BRDA:293,12,0,-
BRDA:293,12,1,-
DA:294,0
FN:297,MockPlainCurve.get_y_D
FNDA:0,MockPlainCurve.get_y_D
DA:307,0
BRDA:307,13,0,-
BRDA:307,13,1,-
DA:308,0
BRDA:308,14,0,-
BRDA:308,14,1,-
DA:310,0
DA:311,0
DA:312,0
DA:313,0
DA:314,0
DA:316,0
DA:317,0
BRDA:317,15,0,-
BRDA:317,15,1,-
DA:318,0
DA:319,0
DA:320,0
DA:323,0
DA:324,0
DA:325,0
DA:327,0
DA:328,0
DA:329,0
DA:331,0
BRDA:331,16,0,-
BRDA:331,16,1,-
DA:332,0
BRDA:332,17,0,-
BRDA:332,17,1,-
DA:335,0
BRDA:335,18,0,-
BRDA:335,18,1,-
DA:338,0
BRDA:338,19,0,-
BRDA:338,19,1,-
FN:341,MockPlainCurve.calc_token_amount
FNDA:0,MockPlainCurve.calc_token_amount
DA:342,0
DA:344,0
DA:345,0
DA:346,0
BRDA:346,20,0,-
BRDA:346,20,1,-
DA:347,0
DA:349,0
DA:350,0
DA:351,0
BRDA:351,21,0,-
BRDA:351,21,1,-
DA:352,0
DA:353,0
FN:356,MockPlainCurve.get_D_mem
FNDA:0,MockPlainCurve.get_D_mem
DA:357,0
DA:358,0
FN:368,MockPlainCurve.decimals
FNDA:0,MockPlainCurve.decimals
DA:369,0
FN:375,MockPlainCurve.totalSupply
FNDA:0,MockPlainCurve.totalSupply
DA:376,0
FN:382,MockPlainCurve.balanceOf
FNDA:0,MockPlainCurve.balanceOf
DA:383,0
FN:394,MockPlainCurve.transfer
FNDA:0,MockPlainCurve.transfer
DA:395,0
DA:396,0
FN:402,MockPlainCurve.allowance
FNDA:0,MockPlainCurve.allowance
DA:403,0
FN:413,MockPlainCurve.approve
FNDA:0,MockPlainCurve.approve
DA:414,0
DA:415,0
FN:430,MockPlainCurve.transferFrom
FNDA:0,MockPlainCurve.transferFrom
DA:431,0
DA:432,0
DA:433,0
FN:448,MockPlainCurve.increaseAllowance
FNDA:0,MockPlainCurve.increaseAllowance
DA:449,0
DA:450,0
FN:467,MockPlainCurve.decreaseAllowance
FNDA:0,MockPlainCurve.decreaseAllowance
DA:468,0
DA:469,0
FN:486,MockPlainCurve._transfer
FNDA:0,MockPlainCurve._transfer
DA:487,0
BRDA:487,22,0,-
BRDA:487,22,1,-
DA:488,0
BRDA:488,23,0,-
BRDA:488,23,1,-
DA:490,0
DA:491,0
DA:492,0
FN:508,MockPlainCurve._approve
FNDA:0,MockPlainCurve._approve
DA:509,0
BRDA:509,24,0,-
BRDA:509,24,1,-
DA:510,0
BRDA:510,25,0,-
BRDA:510,25,1,-
DA:512,0
DA:513,0
FNF:34
FNH:0
LF:173
LH:0
BRF:52
BRH:0
end_of_record
TN:
SF:contracts/mocks/mockFacets/MockAdminFacet.sol
FN:17,MockAdminFacet.mintBeans
FNDA:0,MockAdminFacet.mintBeans
DA:18,0
FN:21,MockAdminFacet.ripen
FNDA:0,MockAdminFacet.ripen
DA:22,0
DA:23,0
FN:26,MockAdminFacet.fertilize
FNDA:0,MockAdminFacet.fertilize
DA:27,0
DA:28,0
FN:31,MockAdminFacet.rewardSilo
FNDA:0,MockAdminFacet.rewardSilo
DA:32,0
DA:33,0
FN:36,MockAdminFacet.forceSunrise
FNDA:0,MockAdminFacet.forceSunrise
DA:37,0
DA:38,0
DA:39,0
FN:42,MockAdminFacet.rewardSunrise
FNDA:0,MockAdminFacet.rewardSunrise
DA:43,0
DA:44,0
DA:45,0
DA:46,0
FN:49,MockAdminFacet.fertilizerSunrise
FNDA:0,MockAdminFacet.fertilizerSunrise
DA:50,0
DA:51,0
DA:52,0
DA:53,0
FN:56,MockAdminFacet.updateStart
FNDA:0,MockAdminFacet.updateStart
DA:57,0
DA:58,0
DA:59,0
BRDA:59,0,0,-
BRDA:59,0,1,-
FNF:8
FNH:0
LF:21
LH:0
BRF:2
BRH:0
end_of_record
TN:
SF:contracts/mocks/mockFacets/MockConvertFacet.sol
FN:20,MockConvertFacet.withdrawForConvertE
FNDA:0,MockConvertFacet.withdrawForConvertE
DA:26,0
DA:27,0
FN:30,MockConvertFacet.depositForConvertE
FNDA:0,MockConvertFacet.depositForConvertE
DA:36,0
FNF:2
FNH:0
LF:3
LH:0
BRF:0
BRH:0
end_of_record
TN:
SF:contracts/mocks/mockFacets/MockFertilizerFacet.sol
FN:17,MockFertilizerFacet.setPenaltyParams
FNDA:0,MockFertilizerFacet.setPenaltyParams
DA:18,0
DA:19,0
FN:22,MockFertilizerFacet.setFertilizerE
FNDA:0,MockFertilizerFacet.setFertilizerE
DA:23,0
DA:24,0
FNF:2
FNH:0
LF:4
LH:0
BRF:0
BRH:0
end_of_record
TN:
SF:contracts/mocks/mockFacets/MockFieldFacet.sol
FN:19,MockFieldFacet.incrementTotalSoilE
FNDA:0,MockFieldFacet.incrementTotalSoilE
DA:20,0
FN:23,MockFieldFacet.incrementTotalHarvestableE
FNDA:0,MockFieldFacet.incrementTotalHarvestableE
DA:24,0
DA:25,0
FN:28,MockFieldFacet.incrementTotalPodsE
FNDA:0,MockFieldFacet.incrementTotalPodsE
DA:29,0
FNF:3
FNH:0
LF:4
LH:0
BRF:0
BRH:0
end_of_record
TN:
SF:contracts/mocks/mockFacets/MockFundraiserFacet.sol
FN:21,MockFundraiserFacet.createFundraiserE
FNDA:0,MockFundraiserFacet.createFundraiserE
DA:22,0
FNF:1
FNH:0
LF:1
LH:0
BRF:0
BRH:0
end_of_record
TN:
SF:contracts/mocks/mockFacets/MockSeasonFacet.sol
FN:28,MockSeasonFacet.reentrancyGuardTest
FNDA:0,MockSeasonFacet.reentrancyGuardTest
DA:29,0
FN:32,MockSeasonFacet.siloSunrise
FNDA:0,MockSeasonFacet.siloSunrise
DA:33,0
BRDA:33,0,0,-
BRDA:33,0,1,-
DA:34,0
DA:35,0
FN:38,MockSeasonFacet.mockStepSilo
FNDA:0,MockSeasonFacet.mockStepSilo
DA:39,0
DA:40,0
FN:44,MockSeasonFacet.rainSunrise
FNDA:0,MockSeasonFacet.rainSunrise
DA:45,0
BRDA:45,1,0,-
BRDA:45,1,1,-
DA:46,0
DA:47,0
FN:50,MockSeasonFacet.rainSunrises
FNDA:0,MockSeasonFacet.rainSunrises
DA:51,0
BRDA:51,2,0,-
BRDA:51,2,1,-
DA:52,0
DA:53,0
DA:54,0
FN:58,MockSeasonFacet.droughtSunrise
FNDA:0,MockSeasonFacet.droughtSunrise
DA:59,0
BRDA:59,3,0,-
BRDA:59,3,1,-
DA:60,0
DA:61,0
FN:64,MockSeasonFacet.rainSiloSunrise
FNDA:0,MockSeasonFacet.rainSiloSunrise
DA:65,0
BRDA:65,4,0,-
BRDA:65,4,1,-
DA:66,0
DA:67,0
DA:68,0
FN:71,MockSeasonFacet.droughtSiloSunrise
FNDA:0,MockSeasonFacet.droughtSiloSunrise
DA:72,0
BRDA:72,5,0,-
BRDA:72,5,1,-
DA:73,0
DA:74,0
DA:75,0
FN:78,MockSeasonFacet.sunSunrise
FNDA:0,MockSeasonFacet.sunSunrise
DA:79,0
BRDA:79,6,0,-
BRDA:79,6,1,-
DA:80,0
DA:81,0
FN:84,MockSeasonFacet.lightSunrise
FNDA:0,MockSeasonFacet.lightSunrise
DA:85,0
BRDA:85,7,0,-
BRDA:85,7,1,-
DA:86,0
FN:89,MockSeasonFacet.fastForward
FNDA:0,MockSeasonFacet.fastForward
DA:90,0
FN:93,MockSeasonFacet.teleportSunrise
FNDA:0,MockSeasonFacet.teleportSunrise
DA:94,0
FN:97,MockSeasonFacet.farmSunrise
FNDA:0,MockSeasonFacet.farmSunrise
DA:98,0
BRDA:98,8,0,-
BRDA:98,8,1,-
DA:99,0
DA:100,0
FN:103,MockSeasonFacet.farmSunrises
FNDA:0,MockSeasonFacet.farmSunrises
DA:104,0
BRDA:104,9,0,-
BRDA:104,9,1,-
DA:105,0
DA:106,0
DA:107,0
FN:111,MockSeasonFacet.setYieldE
FNDA:0,MockSeasonFacet.setYieldE
DA:112,0
FN:115,MockSeasonFacet.setStartSoilE
FNDA:0,MockSeasonFacet.setStartSoilE
DA:116,0
FN:119,MockSeasonFacet.setLastDSoilE
FNDA:0,MockSeasonFacet.setLastDSoilE
DA:120,0
FN:123,MockSeasonFacet.setNextSowTimeE
FNDA:0,MockSeasonFacet.setNextSowTimeE
DA:124,0
FN:127,MockSeasonFacet.setLastSowTimeE
FNDA:0,MockSeasonFacet.setLastSowTimeE
DA:128,0
FN:131,MockSeasonFacet.setLastSoilPercentE
FNDA:0,MockSeasonFacet.setLastSoilPercentE
DA:132,0
FN:135,MockSeasonFacet.setSoilE
FNDA:0,MockSeasonFacet.setSoilE
DA:136,0
FN:139,MockSeasonFacet.resetAccount
FNDA:0,MockSeasonFacet.resetAccount
DA:140,0
DA:141,0
DA:142,0
BRDA:142,10,0,-
BRDA:142,10,1,-
DA:143,0
BRDA:143,11,0,-
BRDA:143,11,1,-
DA:144,0
BRDA:144,12,0,-
BRDA:144,12,1,-
DA:145,0
BRDA:145,13,0,-
BRDA:145,13,1,-
DA:146,0
BRDA:146,14,0,-
BRDA:146,14,1,-
DA:147,0
DA:148,0
BRDA:148,15,0,-
BRDA:148,15,1,-
DA:149,0
DA:151,0
DA:152,0
DA:154,0
DA:156,0
FN:159,MockSeasonFacet.resetAccountToken
FNDA:0,MockSeasonFacet.resetAccountToken
DA:160,0
DA:161,0
DA:162,0
BRDA:162,16,0,-
BRDA:162,16,1,-
DA:163,0
BRDA:163,17,0,-
BRDA:163,17,1,-
DA:164,0
DA:166,0
FN:169,MockSeasonFacet.resetState
FNDA:0,MockSeasonFacet.resetState
DA:170,0
DA:171,0
DA:172,0
DA:175,0
DA:176,0
DA:177,0
DA:179,0
DA:180,0
DA:181,0
DA:182,0
DA:183,0
DA:184,0
DA:185,0
DA:186,0
DA:187,0
DA:188,0
DA:189,0
DA:190,0
DA:191,0
DA:192,0
DA:193,0
DA:194,0
DA:195,0
DA:196,0
FN:199,MockSeasonFacet.stepWeatherE
FNDA:0,MockSeasonFacet.stepWeatherE
DA:200,0
DA:201,0
FN:204,MockSeasonFacet.stepWeatherWithParams
FNDA:0,MockSeasonFacet.stepWeatherWithParams
DA:213,0
DA:214,0
DA:215,0
DA:216,0
DA:217,0
DA:218,0
DA:219,0
FN:222,MockSeasonFacet.captureE
FNDA:0,MockSeasonFacet.captureE
DA:223,0
DA:224,0
FN:227,MockSeasonFacet.captureCurveE
FNDA:0,MockSeasonFacet.captureCurveE
DA:228,0
DA:229,0
FN:232,MockSeasonFacet.updateTWAPCurveE
FNDA:0,MockSeasonFacet.updateTWAPCurveE
DA:233,0
DA:234,0
DA:235,0
FN:238,MockSeasonFacet.curveOracle
FNDA:0,MockSeasonFacet.curveOracle
DA:239,0
FN:242,MockSeasonFacet.resetPools
FNDA:0,MockSeasonFacet.resetPools
DA:243,0
DA:244,0
FN:248,MockSeasonFacet.rewardToFertilizerE
FNDA:0,MockSeasonFacet.rewardToFertilizerE
DA:249,0
DA:250,0
FNF:32
FNH:0
LF:110
LH:0
BRF:36
BRH:0
end_of_record
TN:
SF:contracts/mocks/mockFacets/MockSiloFacet.sol
FN:25,MockSiloFacet.mockWhitelistToken
FNDA:0,MockSiloFacet.mockWhitelistToken
DA:26,0
FN:29,MockSiloFacet.mockBDV
FNDA:0,MockSiloFacet.mockBDV
DA:30,0
FN:33,MockSiloFacet.mockUnripeLPDeposit
FNDA:0,MockSiloFacet.mockUnripeLPDeposit
DA:34,0
DA:35,0
BRDA:35,0,0,-
BRDA:35,0,1,-
DA:36,0
DA:37,0
DA:39,0
BRDA:39,1,0,-
BRDA:39,1,1,-
DA:40,0
BRDA:40,2,0,-
BRDA:40,2,1,-
DA:41,0
DA:42,0
DA:43,0
DA:44,0
DA:45,0
DA:46,0
FN:49,MockSiloFacet.mockUnripeBeanDeposit
FNDA:0,MockSiloFacet.mockUnripeBeanDeposit
DA:50,0
DA:51,0
DA:52,0
DA:53,0
DA:54,0
DA:55,0
DA:56,0
FN:59,MockSiloFacet.getUnripeForAmount
FNDA:0,MockSiloFacet.getUnripeForAmount
DA:60,0
BRDA:60,3,0,-
BRDA:60,3,1,-
DA:61,0
BRDA:61,4,0,-
BRDA:61,4,1,-
DA:62,0
FNF:5
FNH:0
LF:24
LH:0
BRF:10
BRH:0
end_of_record
TN:
SF:contracts/mocks/mockFacets/MockUnripeFacet.sol
FN:19,MockUnripeFacet.setMerkleRootE
FNDA:0,MockUnripeFacet.setMerkleRootE
DA:20,0
FN:23,MockUnripeFacet.addUnderlying
FNDA:0,MockUnripeFacet.addUnderlying
DA:28,0
DA:29,0
DA:34,0
FN:40,MockUnripeFacet.addUnderlyingWithRecap
FNDA:0,MockUnripeFacet.addUnderlyingWithRecap
DA:45,0
DA:46,0
DA:51,0
FNF:3
FNH:0
LF:7
LH:0
BRF:0
BRH:0
end_of_record
TN:
SF:contracts/mocks/mockFacets/MockUpgradeFacet.sol
FN:14,MockUpgradeFacet.woohoo
FNDA:0,MockUpgradeFacet.woohoo
DA:15,0
FNF:1
FNH:0
LF:1
LH:0
BRF:0
BRH:0
end_of_record
TN:
SF:contracts/price/BeanstalkPrice.sol
FN:17,BeanstalkPrice.price
FNDA:0,BeanstalkPrice.price
DA:18,0
DA:19,0
DA:20,0
DA:23,0
DA:24,0
DA:25,0
DA:26,0
DA:28,0
FNF:1
FNH:0
LF:8
LH:0
BRF:0
BRH:0
end_of_record
TN:
SF:contracts/price/CurvePrice.sol
FN:32,CurvePrice.getCurve
FNDA:0,CurvePrice.getCurve
DA:33,0
DA:34,0
DA:35,0
DA:36,0
DA:37,0
DA:38,0
DA:39,0
DA:40,0
DA:42,0
DA:43,0
DA:44,0
DA:45,0
DA:46,0
DA:47,0
FN:50,CurvePrice.getCurveDeltaB
FNDA:0,CurvePrice.getCurveDeltaB
DA:51,0
DA:52,0
FN:55,CurvePrice.getCurveUSDValue
FNDA:0,CurvePrice.getCurveUSDValue
DA:56,0
DA:57,0
FN:60,CurvePrice.getD
FNDA:0,CurvePrice.getD
DA:71,0
DA:72,0
DA:73,0
DA:74,0
DA:76,0
BRDA:76,0,0,-
BRDA:76,0,1,-
DA:78,0
DA:79,0
DA:80,0
DA:81,0
DA:82,0
DA:83,0
DA:85,0
DA:86,0
DA:88,0
BRDA:88,1,0,-
BRDA:88,1,1,-
DA:89,0
BRDA:89,2,0,-
BRDA:89,2,1,-
DA:93,0
BRDA:93,3,0,-
BRDA:93,3,1,-
FN:96,CurvePrice.getRates
FNDA:0,CurvePrice.getRates
DA:97,0
DA:98,0
FNF:5
FNH:0
LF:36
LH:0
BRF:8
BRH:0
end_of_record
TN:
SF:contracts/price/WellPrice.sol
FN:29,WellPrice.getWell
FNDA:0,WellPrice.getWell
DA:30,0
DA:34,0
DA:35,0
DA:36,0
DA:37,0
DA:38,0
DA:39,0
DA:41,0
DA:43,0
DA:45,0
DA:46,0
DA:47,0
DA:48,0
DA:49,0
FNF:1
FNH:0
LF:14
LH:0
BRF:0
BRH:0
end_of_record
TN:
SF:contracts/tokens/ERC20/BeanstalkERC20.sol
FN:51,BeanstalkERC20.mint
FNDA:0,BeanstalkERC20.mint
DA:52,0
BRDA:52,0,0,-
BRDA:52,0,1,-
DA:53,0
FN:60,BeanstalkERC20.decimals
FNDA:0,BeanstalkERC20.decimals
DA:61,0
FNF:2
FNH:0
LF:3
LH:0
BRF:2
BRH:0
end_of_record
TN:
SF:contracts/tokens/ERC20/ERC20Permit.sol
FN:44,ERC20Permit.permit
FNDA:0,ERC20Permit.permit
DA:53,0
BRDA:53,0,0,-
BRDA:53,0,1,-
DA:55,0
DA:57,0
DA:59,0
DA:60,0
BRDA:60,1,0,-
BRDA:60,1,1,-
DA:62,0
FN:68,ERC20Permit.nonces
FNDA:0,ERC20Permit.nonces
DA:69,0
FN:76,ERC20Permit.DOMAIN_SEPARATOR
FNDA:0,ERC20Permit.DOMAIN_SEPARATOR
DA:77,0
FN:85,ERC20Permit._useNonce
FNDA:0,ERC20Permit._useNonce
DA:86,0
DA:87,0
DA:88,0
FNF:4
FNH:0
LF:11
LH:0
BRF:4
BRH:0
end_of_record
TN:
SF:contracts/tokens/ERC20/WellToken.sol
FN:19,WellToken.decimals
FNDA:0,WellToken.decimals
DA:20,0
FNF:1
FNH:0
LF:1
LH:0
BRF:0
BRH:0
end_of_record
TN:
SF:test/utils/Utils.sol
FN:10,Utils.getNextUserAddress
FNDA:0,Utils.getNextUserAddress
DA:12,0
DA:13,0
DA:14,0
FN:18,Utils.createUsers
FNDA:0,Utils.createUsers
DA:22,0
DA:23,0
DA:24,0
DA:25,0
DA:26,0
DA:28,0
FN:32,Utils.mineBlocks
FNDA:0,Utils.mineBlocks
DA:33,0
DA:34,0
FNF:3
FNH:0
LF:11
LH:0
BRF:0
BRH:0
end_of_record
